{"c:\\DATA\\Projects\\Mrd Project\\Eshop\\src\\backend\\cypress\\integration\\examples\\actions.spec.js":{"path":"c:\\DATA\\Projects\\Mrd Project\\Eshop\\src\\backend\\cypress\\integration\\examples\\actions.spec.js","statementMap":{"0":{"start":{"line":3,"column":0},"end":{"line":298,"column":2}},"1":{"start":{"line":4,"column":2},"end":{"line":6,"column":4}},"2":{"start":{"line":5,"column":4},"end":{"line":5,"column":59}},"3":{"start":{"line":10,"column":2},"end":{"line":34,"column":4}},"4":{"start":{"line":12,"column":4},"end":{"line":27,"column":52}},"5":{"start":{"line":29,"column":4},"end":{"line":33,"column":54}},"6":{"start":{"line":36,"column":2},"end":{"line":41,"column":4}},"7":{"start":{"line":38,"column":4},"end":{"line":40,"column":60}},"8":{"start":{"line":43,"column":2},"end":{"line":48,"column":4}},"9":{"start":{"line":45,"column":4},"end":{"line":47,"column":57}},"10":{"start":{"line":50,"column":2},"end":{"line":56,"column":4}},"11":{"start":{"line":52,"column":4},"end":{"line":55,"column":31}},"12":{"start":{"line":58,"column":2},"end":{"line":64,"column":4}},"13":{"start":{"line":60,"column":4},"end":{"line":61,"column":44}},"14":{"start":{"line":62,"column":4},"end":{"line":63,"column":64}},"15":{"start":{"line":66,"column":2},"end":{"line":112,"column":4}},"16":{"start":{"line":68,"column":4},"end":{"line":68,"column":33}},"17":{"start":{"line":84,"column":4},"end":{"line":84,"column":36}},"18":{"start":{"line":86,"column":4},"end":{"line":86,"column":45}},"19":{"start":{"line":87,"column":4},"end":{"line":87,"column":41}},"20":{"start":{"line":88,"column":4},"end":{"line":88,"column":46}},"21":{"start":{"line":89,"column":4},"end":{"line":89,"column":42}},"22":{"start":{"line":90,"column":4},"end":{"line":90,"column":43}},"23":{"start":{"line":91,"column":4},"end":{"line":91,"column":48}},"24":{"start":{"line":92,"column":4},"end":{"line":92,"column":44}},"25":{"start":{"line":93,"column":4},"end":{"line":93,"column":49}},"26":{"start":{"line":98,"column":4},"end":{"line":105,"column":22}},"27":{"start":{"line":108,"column":4},"end":{"line":108,"column":61}},"28":{"start":{"line":111,"column":4},"end":{"line":111,"column":57}},"29":{"start":{"line":114,"column":2},"end":{"line":121,"column":4}},"30":{"start":{"line":119,"column":4},"end":{"line":119,"column":61}},"31":{"start":{"line":120,"column":4},"end":{"line":120,"column":55}},"32":{"start":{"line":123,"column":2},"end":{"line":130,"column":4}},"33":{"start":{"line":128,"column":4},"end":{"line":128,"column":74}},"34":{"start":{"line":129,"column":4},"end":{"line":129,"column":66}},"35":{"start":{"line":132,"column":2},"end":{"line":157,"column":4}},"36":{"start":{"line":137,"column":4},"end":{"line":138,"column":35}},"37":{"start":{"line":140,"column":4},"end":{"line":141,"column":35}},"38":{"start":{"line":144,"column":4},"end":{"line":145,"column":43}},"39":{"start":{"line":148,"column":4},"end":{"line":149,"column":61}},"40":{"start":{"line":152,"column":4},"end":{"line":153,"column":50}},"41":{"start":{"line":155,"column":4},"end":{"line":156,"column":60}},"42":{"start":{"line":159,"column":2},"end":{"line":181,"column":4}},"43":{"start":{"line":164,"column":4},"end":{"line":166,"column":41}},"44":{"start":{"line":169,"column":4},"end":{"line":171,"column":52}},"45":{"start":{"line":174,"column":4},"end":{"line":176,"column":67}},"46":{"start":{"line":179,"column":4},"end":{"line":180,"column":56}},"47":{"start":{"line":183,"column":2},"end":{"line":214,"column":4}},"48":{"start":{"line":187,"column":4},"end":{"line":188,"column":49}},"49":{"start":{"line":191,"column":4},"end":{"line":191,"column":45}},"50":{"start":{"line":194,"column":4},"end":{"line":194,"column":62}},"51":{"start":{"line":196,"column":4},"end":{"line":200,"column":70}},"52":{"start":{"line":203,"column":4},"end":{"line":205,"column":41}},"53":{"start":{"line":207,"column":4},"end":{"line":210,"column":70}},"54":{"start":{"line":212,"column":4},"end":{"line":213,"column":52}},"55":{"start":{"line":216,"column":2},"end":{"line":243,"column":4}},"56":{"start":{"line":223,"column":4},"end":{"line":224,"column":31}},"57":{"start":{"line":227,"column":4},"end":{"line":228,"column":27}},"58":{"start":{"line":230,"column":4},"end":{"line":231,"column":31}},"59":{"start":{"line":234,"column":4},"end":{"line":235,"column":27}},"60":{"start":{"line":237,"column":4},"end":{"line":238,"column":31}},"61":{"start":{"line":241,"column":4},"end":{"line":242,"column":27}},"62":{"start":{"line":245,"column":2},"end":{"line":259,"column":4}},"63":{"start":{"line":254,"column":4},"end":{"line":258,"column":32}},"64":{"start":{"line":261,"column":2},"end":{"line":297,"column":4}},"65":{"start":{"line":280,"column":4},"end":{"line":280,"column":25}},"66":{"start":{"line":282,"column":4},"end":{"line":282,"column":54}},"67":{"start":{"line":286,"column":4},"end":{"line":286,"column":53}},"68":{"start":{"line":290,"column":4},"end":{"line":290,"column":53}},"69":{"start":{"line":293,"column":4},"end":{"line":293,"column":75}},"70":{"start":{"line":296,"column":4},"end":{"line":296,"column":69}}},"fnMap":{"0":{"name":"(anonymous_0)","decl":{"start":{"line":3,"column":19},"end":{"line":3,"column":20}},"loc":{"start":{"line":3,"column":25},"end":{"line":298,"column":1}},"line":3},"1":{"name":"(anonymous_1)","decl":{"start":{"line":4,"column":13},"end":{"line":4,"column":14}},"loc":{"start":{"line":4,"column":19},"end":{"line":6,"column":3}},"line":4},"2":{"name":"(anonymous_2)","decl":{"start":{"line":10,"column":42},"end":{"line":10,"column":43}},"loc":{"start":{"line":10,"column":48},"end":{"line":34,"column":3}},"line":10},"3":{"name":"(anonymous_3)","decl":{"start":{"line":36,"column":42},"end":{"line":36,"column":43}},"loc":{"start":{"line":36,"column":48},"end":{"line":41,"column":3}},"line":36},"4":{"name":"(anonymous_4)","decl":{"start":{"line":43,"column":41},"end":{"line":43,"column":42}},"loc":{"start":{"line":43,"column":47},"end":{"line":48,"column":3}},"line":43},"5":{"name":"(anonymous_5)","decl":{"start":{"line":50,"column":55},"end":{"line":50,"column":56}},"loc":{"start":{"line":50,"column":61},"end":{"line":56,"column":3}},"line":50},"6":{"name":"(anonymous_6)","decl":{"start":{"line":58,"column":34},"end":{"line":58,"column":35}},"loc":{"start":{"line":58,"column":40},"end":{"line":64,"column":3}},"line":58},"7":{"name":"(anonymous_7)","decl":{"start":{"line":66,"column":42},"end":{"line":66,"column":43}},"loc":{"start":{"line":66,"column":48},"end":{"line":112,"column":3}},"line":66},"8":{"name":"(anonymous_8)","decl":{"start":{"line":114,"column":52},"end":{"line":114,"column":53}},"loc":{"start":{"line":114,"column":58},"end":{"line":121,"column":3}},"line":114},"9":{"name":"(anonymous_9)","decl":{"start":{"line":123,"column":53},"end":{"line":123,"column":54}},"loc":{"start":{"line":123,"column":59},"end":{"line":130,"column":3}},"line":123},"10":{"name":"(anonymous_10)","decl":{"start":{"line":132,"column":53},"end":{"line":132,"column":54}},"loc":{"start":{"line":132,"column":59},"end":{"line":157,"column":3}},"line":132},"11":{"name":"(anonymous_11)","decl":{"start":{"line":159,"column":48},"end":{"line":159,"column":49}},"loc":{"start":{"line":159,"column":54},"end":{"line":181,"column":3}},"line":159},"12":{"name":"(anonymous_12)","decl":{"start":{"line":183,"column":59},"end":{"line":183,"column":60}},"loc":{"start":{"line":183,"column":65},"end":{"line":214,"column":3}},"line":183},"13":{"name":"(anonymous_13)","decl":{"start":{"line":216,"column":56},"end":{"line":216,"column":57}},"loc":{"start":{"line":216,"column":62},"end":{"line":243,"column":3}},"line":216},"14":{"name":"(anonymous_14)","decl":{"start":{"line":245,"column":55},"end":{"line":245,"column":56}},"loc":{"start":{"line":245,"column":61},"end":{"line":259,"column":3}},"line":245},"15":{"name":"(anonymous_15)","decl":{"start":{"line":261,"column":67},"end":{"line":261,"column":68}},"loc":{"start":{"line":261,"column":73},"end":{"line":297,"column":3}},"line":261}},"branchMap":{},"s":{"0":0,"1":0,"2":0,"3":0,"4":0,"5":0,"6":0,"7":0,"8":0,"9":0,"10":0,"11":0,"12":0,"13":0,"14":0,"15":0,"16":0,"17":0,"18":0,"19":0,"20":0,"21":0,"22":0,"23":0,"24":0,"25":0,"26":0,"27":0,"28":0,"29":0,"30":0,"31":0,"32":0,"33":0,"34":0,"35":0,"36":0,"37":0,"38":0,"39":0,"40":0,"41":0,"42":0,"43":0,"44":0,"45":0,"46":0,"47":0,"48":0,"49":0,"50":0,"51":0,"52":0,"53":0,"54":0,"55":0,"56":0,"57":0,"58":0,"59":0,"60":0,"61":0,"62":0,"63":0,"64":0,"65":0,"66":0,"67":0,"68":0,"69":0,"70":0},"f":{"0":0,"1":0,"2":0,"3":0,"4":0,"5":0,"6":0,"7":0,"8":0,"9":0,"10":0,"11":0,"12":0,"13":0,"14":0,"15":0},"b":{},"all":true},"c:\\DATA\\Projects\\Mrd Project\\Eshop\\src\\backend\\cypress\\integration\\examples\\aliasing.spec.js":{"path":"c:\\DATA\\Projects\\Mrd Project\\Eshop\\src\\backend\\cypress\\integration\\examples\\aliasing.spec.js","statementMap":{"0":{"start":{"line":3,"column":0},"end":{"line":42,"column":2}},"1":{"start":{"line":4,"column":2},"end":{"line":6,"column":4}},"2":{"start":{"line":5,"column":4},"end":{"line":5,"column":60}},"3":{"start":{"line":8,"column":2},"end":{"line":26,"column":4}},"4":{"start":{"line":15,"column":4},"end":{"line":17,"column":36}},"5":{"start":{"line":21,"column":4},"end":{"line":21,"column":31}},"6":{"start":{"line":23,"column":4},"end":{"line":25,"column":32}},"7":{"start":{"line":28,"column":2},"end":{"line":41,"column":4}},"8":{"start":{"line":31,"column":4},"end":{"line":31,"column":15}},"9":{"start":{"line":32,"column":4},"end":{"line":32,"column":50}},"10":{"start":{"line":36,"column":4},"end":{"line":36,"column":34}},"11":{"start":{"line":39,"column":4},"end":{"line":39,"column":58}}},"fnMap":{"0":{"name":"(anonymous_0)","decl":{"start":{"line":3,"column":20},"end":{"line":3,"column":21}},"loc":{"start":{"line":3,"column":26},"end":{"line":42,"column":1}},"line":3},"1":{"name":"(anonymous_1)","decl":{"start":{"line":4,"column":13},"end":{"line":4,"column":14}},"loc":{"start":{"line":4,"column":19},"end":{"line":6,"column":3}},"line":4},"2":{"name":"(anonymous_2)","decl":{"start":{"line":8,"column":50},"end":{"line":8,"column":51}},"loc":{"start":{"line":8,"column":56},"end":{"line":26,"column":3}},"line":8},"3":{"name":"(anonymous_3)","decl":{"start":{"line":28,"column":44},"end":{"line":28,"column":45}},"loc":{"start":{"line":28,"column":50},"end":{"line":41,"column":3}},"line":28}},"branchMap":{},"s":{"0":0,"1":0,"2":0,"3":0,"4":0,"5":0,"6":0,"7":0,"8":0,"9":0,"10":0,"11":0},"f":{"0":0,"1":0,"2":0,"3":0},"b":{},"all":true},"c:\\DATA\\Projects\\Mrd Project\\Eshop\\src\\backend\\cypress\\integration\\examples\\assertions.spec.js":{"path":"c:\\DATA\\Projects\\Mrd Project\\Eshop\\src\\backend\\cypress\\integration\\examples\\assertions.spec.js","statementMap":{"0":{"start":{"line":3,"column":0},"end":{"line":168,"column":2}},"1":{"start":{"line":4,"column":2},"end":{"line":6,"column":4}},"2":{"start":{"line":5,"column":4},"end":{"line":5,"column":62}},"3":{"start":{"line":8,"column":2},"end":{"line":48,"column":4}},"4":{"start":{"line":9,"column":4},"end":{"line":39,"column":6}},"5":{"start":{"line":11,"column":6},"end":{"line":26,"column":43}},"6":{"start":{"line":31,"column":6},"end":{"line":35,"column":29}},"7":{"start":{"line":41,"column":4},"end":{"line":47,"column":6}},"8":{"start":{"line":43,"column":6},"end":{"line":46,"column":37}},"9":{"start":{"line":50,"column":2},"end":{"line":167,"column":4}},"10":{"start":{"line":52,"column":4},"end":{"line":61,"column":6}},"11":{"start":{"line":54,"column":6},"end":{"line":54,"column":29}},"12":{"start":{"line":55,"column":16},"end":{"line":55,"column":30}},"13":{"start":{"line":57,"column":6},"end":{"line":57,"column":27}},"14":{"start":{"line":58,"column":6},"end":{"line":58,"column":45}},"15":{"start":{"line":60,"column":6},"end":{"line":60,"column":40}},"16":{"start":{"line":63,"column":4},"end":{"line":91,"column":6}},"17":{"start":{"line":68,"column":6},"end":{"line":90,"column":10}},"18":{"start":{"line":74,"column":24},"end":{"line":74,"column":63}},"19":{"start":{"line":74,"column":42},"end":{"line":74,"column":62}},"20":{"start":{"line":78,"column":29},"end":{"line":78,"column":40}},"21":{"start":{"line":81,"column":10},"end":{"line":81,"column":66}},"22":{"start":{"line":85,"column":10},"end":{"line":89,"column":12}},"23":{"start":{"line":93,"column":4},"end":{"line":109,"column":6}},"24":{"start":{"line":94,"column":6},"end":{"line":108,"column":10}},"25":{"start":{"line":98,"column":10},"end":{"line":98,"column":40}},"26":{"start":{"line":100,"column":28},"end":{"line":100,"column":45}},"27":{"start":{"line":102,"column":10},"end":{"line":102,"column":48}},"28":{"start":{"line":107,"column":10},"end":{"line":107,"column":67}},"29":{"start":{"line":111,"column":4},"end":{"line":126,"column":6}},"30":{"start":{"line":112,"column":6},"end":{"line":125,"column":10}},"31":{"start":{"line":115,"column":10},"end":{"line":118,"column":11}},"32":{"start":{"line":117,"column":12},"end":{"line":117,"column":53}},"33":{"start":{"line":120,"column":28},"end":{"line":120,"column":45}},"34":{"start":{"line":122,"column":10},"end":{"line":124,"column":11}},"35":{"start":{"line":123,"column":12},"end":{"line":123,"column":78}},"36":{"start":{"line":128,"column":4},"end":{"line":157,"column":6}},"37":{"start":{"line":140,"column":28},"end":{"line":140,"column":69}},"38":{"start":{"line":140,"column":35},"end":{"line":140,"column":69}},"39":{"start":{"line":142,"column":6},"end":{"line":147,"column":10}},"40":{"start":{"line":146,"column":10},"end":{"line":146,"column":45}},"41":{"start":{"line":149,"column":6},"end":{"line":156,"column":10}},"42":{"start":{"line":153,"column":29},"end":{"line":153,"column":55}},"43":{"start":{"line":155,"column":10},"end":{"line":155,"column":58}},"44":{"start":{"line":159,"column":4},"end":{"line":166,"column":6}},"45":{"start":{"line":160,"column":21},"end":{"line":163,"column":7}},"46":{"start":{"line":165,"column":6},"end":{"line":165,"column":48}}},"fnMap":{"0":{"name":"(anonymous_0)","decl":{"start":{"line":3,"column":22},"end":{"line":3,"column":23}},"loc":{"start":{"line":3,"column":28},"end":{"line":168,"column":1}},"line":3},"1":{"name":"(anonymous_1)","decl":{"start":{"line":4,"column":13},"end":{"line":4,"column":14}},"loc":{"start":{"line":4,"column":19},"end":{"line":6,"column":3}},"line":4},"2":{"name":"(anonymous_2)","decl":{"start":{"line":8,"column":34},"end":{"line":8,"column":35}},"loc":{"start":{"line":8,"column":40},"end":{"line":48,"column":3}},"line":8},"3":{"name":"(anonymous_3)","decl":{"start":{"line":9,"column":66},"end":{"line":9,"column":67}},"loc":{"start":{"line":9,"column":72},"end":{"line":39,"column":5}},"line":9},"4":{"name":"(anonymous_4)","decl":{"start":{"line":41,"column":54},"end":{"line":41,"column":55}},"loc":{"start":{"line":41,"column":60},"end":{"line":47,"column":5}},"line":41},"5":{"name":"(anonymous_5)","decl":{"start":{"line":50,"column":34},"end":{"line":50,"column":35}},"loc":{"start":{"line":50,"column":40},"end":{"line":167,"column":3}},"line":50},"6":{"name":"(anonymous_6)","decl":{"start":{"line":52,"column":63},"end":{"line":52,"column":64}},"loc":{"start":{"line":52,"column":69},"end":{"line":61,"column":5}},"line":52},"7":{"name":"(anonymous_7)","decl":{"start":{"line":63,"column":54},"end":{"line":63,"column":55}},"loc":{"start":{"line":63,"column":60},"end":{"line":91,"column":5}},"line":63},"8":{"name":"(anonymous_8)","decl":{"start":{"line":70,"column":16},"end":{"line":70,"column":17}},"loc":{"start":{"line":70,"column":24},"end":{"line":90,"column":9}},"line":70},"9":{"name":"(anonymous_9)","decl":{"start":{"line":74,"column":31},"end":{"line":74,"column":32}},"loc":{"start":{"line":74,"column":42},"end":{"line":74,"column":62}},"line":74},"10":{"name":"(anonymous_10)","decl":{"start":{"line":93,"column":44},"end":{"line":93,"column":45}},"loc":{"start":{"line":93,"column":50},"end":{"line":109,"column":5}},"line":93},"11":{"name":"(anonymous_11)","decl":{"start":{"line":97,"column":16},"end":{"line":97,"column":17}},"loc":{"start":{"line":97,"column":26},"end":{"line":103,"column":9}},"line":97},"12":{"name":"(anonymous_12)","decl":{"start":{"line":106,"column":14},"end":{"line":106,"column":15}},"loc":{"start":{"line":106,"column":24},"end":{"line":108,"column":9}},"line":106},"13":{"name":"(anonymous_13)","decl":{"start":{"line":111,"column":30},"end":{"line":111,"column":31}},"loc":{"start":{"line":111,"column":36},"end":{"line":126,"column":5}},"line":111},"14":{"name":"(anonymous_14)","decl":{"start":{"line":114,"column":16},"end":{"line":114,"column":17}},"loc":{"start":{"line":114,"column":26},"end":{"line":125,"column":9}},"line":114},"15":{"name":"(anonymous_15)","decl":{"start":{"line":128,"column":52},"end":{"line":128,"column":53}},"loc":{"start":{"line":128,"column":58},"end":{"line":157,"column":5}},"line":128},"16":{"name":"(anonymous_16)","decl":{"start":{"line":140,"column":28},"end":{"line":140,"column":29}},"loc":{"start":{"line":140,"column":35},"end":{"line":140,"column":69}},"line":140},"17":{"name":"(anonymous_17)","decl":{"start":{"line":144,"column":14},"end":{"line":144,"column":15}},"loc":{"start":{"line":144,"column":26},"end":{"line":147,"column":9}},"line":144},"18":{"name":"(anonymous_18)","decl":{"start":{"line":151,"column":16},"end":{"line":151,"column":17}},"loc":{"start":{"line":151,"column":26},"end":{"line":156,"column":9}},"line":151},"19":{"name":"(anonymous_19)","decl":{"start":{"line":159,"column":45},"end":{"line":159,"column":46}},"loc":{"start":{"line":159,"column":51},"end":{"line":166,"column":5}},"line":159}},"branchMap":{"0":{"loc":{"start":{"line":115,"column":10},"end":{"line":118,"column":11}},"type":"if","locations":[{"start":{"line":115,"column":10},"end":{"line":118,"column":11}},{"start":{"line":115,"column":10},"end":{"line":118,"column":11}}],"line":115},"1":{"loc":{"start":{"line":122,"column":10},"end":{"line":124,"column":11}},"type":"if","locations":[{"start":{"line":122,"column":10},"end":{"line":124,"column":11}},{"start":{"line":122,"column":10},"end":{"line":124,"column":11}}],"line":122}},"s":{"0":0,"1":0,"2":0,"3":0,"4":0,"5":0,"6":0,"7":0,"8":0,"9":0,"10":0,"11":0,"12":0,"13":0,"14":0,"15":0,"16":0,"17":0,"18":0,"19":0,"20":0,"21":0,"22":0,"23":0,"24":0,"25":0,"26":0,"27":0,"28":0,"29":0,"30":0,"31":0,"32":0,"33":0,"34":0,"35":0,"36":0,"37":0,"38":0,"39":0,"40":0,"41":0,"42":0,"43":0,"44":0,"45":0,"46":0},"f":{"0":0,"1":0,"2":0,"3":0,"4":0,"5":0,"6":0,"7":0,"8":0,"9":0,"10":0,"11":0,"12":0,"13":0,"14":0,"15":0,"16":0,"17":0,"18":0,"19":0},"b":{"0":[0,0],"1":[0,0]},"all":true},"c:\\DATA\\Projects\\Mrd Project\\Eshop\\src\\backend\\cypress\\integration\\examples\\connectors.spec.js":{"path":"c:\\DATA\\Projects\\Mrd Project\\Eshop\\src\\backend\\cypress\\integration\\examples\\connectors.spec.js","statementMap":{"0":{"start":{"line":3,"column":0},"end":{"line":97,"column":2}},"1":{"start":{"line":4,"column":2},"end":{"line":6,"column":4}},"2":{"start":{"line":5,"column":4},"end":{"line":5,"column":62}},"3":{"start":{"line":8,"column":2},"end":{"line":14,"column":4}},"4":{"start":{"line":10,"column":4},"end":{"line":13,"column":8}},"5":{"start":{"line":12,"column":8},"end":{"line":12,"column":38}},"6":{"start":{"line":16,"column":2},"end":{"line":22,"column":4}},"7":{"start":{"line":18,"column":4},"end":{"line":21,"column":25}},"8":{"start":{"line":24,"column":2},"end":{"line":33,"column":4}},"9":{"start":{"line":29,"column":4},"end":{"line":32,"column":27}},"10":{"start":{"line":35,"column":2},"end":{"line":44,"column":4}},"11":{"start":{"line":37,"column":16},"end":{"line":37,"column":37}},"12":{"start":{"line":39,"column":4},"end":{"line":43,"column":6}},"13":{"start":{"line":40,"column":6},"end":{"line":40,"column":30}},"14":{"start":{"line":41,"column":6},"end":{"line":41,"column":30}},"15":{"start":{"line":42,"column":6},"end":{"line":42,"column":30}},"16":{"start":{"line":46,"column":2},"end":{"line":96,"column":4}},"17":{"start":{"line":47,"column":4},"end":{"line":56,"column":6}},"18":{"start":{"line":49,"column":6},"end":{"line":55,"column":10}},"19":{"start":{"line":51,"column":10},"end":{"line":51,"column":51}},"20":{"start":{"line":52,"column":10},"end":{"line":52,"column":69}},"21":{"start":{"line":53,"column":10},"end":{"line":53,"column":70}},"22":{"start":{"line":54,"column":10},"end":{"line":54,"column":73}},"23":{"start":{"line":58,"column":4},"end":{"line":68,"column":6}},"24":{"start":{"line":59,"column":6},"end":{"line":67,"column":10}},"25":{"start":{"line":61,"column":10},"end":{"line":61,"column":33}},"26":{"start":{"line":63,"column":10},"end":{"line":63,"column":18}},"27":{"start":{"line":66,"column":10},"end":{"line":66,"column":33}},"28":{"start":{"line":70,"column":4},"end":{"line":80,"column":6}},"29":{"start":{"line":71,"column":6},"end":{"line":79,"column":10}},"30":{"start":{"line":73,"column":10},"end":{"line":73,"column":33}},"31":{"start":{"line":78,"column":10},"end":{"line":78,"column":33}},"32":{"start":{"line":82,"column":4},"end":{"line":95,"column":6}},"33":{"start":{"line":83,"column":6},"end":{"line":94,"column":10}},"34":{"start":{"line":85,"column":10},"end":{"line":85,"column":33}},"35":{"start":{"line":89,"column":10},"end":{"line":89,"column":20}},"36":{"start":{"line":93,"column":10},"end":{"line":93,"column":33}}},"fnMap":{"0":{"name":"(anonymous_0)","decl":{"start":{"line":3,"column":22},"end":{"line":3,"column":23}},"loc":{"start":{"line":3,"column":28},"end":{"line":97,"column":1}},"line":3},"1":{"name":"(anonymous_1)","decl":{"start":{"line":4,"column":13},"end":{"line":4,"column":14}},"loc":{"start":{"line":4,"column":19},"end":{"line":6,"column":3}},"line":4},"2":{"name":"(anonymous_2)","decl":{"start":{"line":8,"column":52},"end":{"line":8,"column":53}},"loc":{"start":{"line":8,"column":58},"end":{"line":14,"column":3}},"line":8},"3":{"name":"(anonymous_3)","decl":{"start":{"line":11,"column":12},"end":{"line":11,"column":13}},"loc":{"start":{"line":11,"column":35},"end":{"line":13,"column":7}},"line":11},"4":{"name":"(anonymous_4)","decl":{"start":{"line":16,"column":55},"end":{"line":16,"column":56}},"loc":{"start":{"line":16,"column":61},"end":{"line":22,"column":3}},"line":16},"5":{"name":"(anonymous_5)","decl":{"start":{"line":24,"column":61},"end":{"line":24,"column":62}},"loc":{"start":{"line":24,"column":67},"end":{"line":33,"column":3}},"line":24},"6":{"name":"(anonymous_6)","decl":{"start":{"line":35,"column":76},"end":{"line":35,"column":77}},"loc":{"start":{"line":35,"column":82},"end":{"line":44,"column":3}},"line":35},"7":{"name":"(anonymous_7)","decl":{"start":{"line":39,"column":24},"end":{"line":39,"column":25}},"loc":{"start":{"line":39,"column":43},"end":{"line":43,"column":5}},"line":39},"8":{"name":"(anonymous_8)","decl":{"start":{"line":46,"column":22},"end":{"line":46,"column":23}},"loc":{"start":{"line":46,"column":28},"end":{"line":96,"column":3}},"line":46},"9":{"name":"(anonymous_9)","decl":{"start":{"line":47,"column":63},"end":{"line":47,"column":64}},"loc":{"start":{"line":47,"column":69},"end":{"line":56,"column":5}},"line":47},"10":{"name":"(anonymous_10)","decl":{"start":{"line":50,"column":14},"end":{"line":50,"column":15}},"loc":{"start":{"line":50,"column":24},"end":{"line":55,"column":9}},"line":50},"11":{"name":"(anonymous_11)","decl":{"start":{"line":58,"column":56},"end":{"line":58,"column":57}},"loc":{"start":{"line":58,"column":62},"end":{"line":68,"column":5}},"line":58},"12":{"name":"(anonymous_12)","decl":{"start":{"line":60,"column":14},"end":{"line":60,"column":15}},"loc":{"start":{"line":60,"column":23},"end":{"line":64,"column":9}},"line":60},"13":{"name":"(anonymous_13)","decl":{"start":{"line":65,"column":14},"end":{"line":65,"column":15}},"loc":{"start":{"line":65,"column":23},"end":{"line":67,"column":9}},"line":65},"14":{"name":"(anonymous_14)","decl":{"start":{"line":70,"column":53},"end":{"line":70,"column":54}},"loc":{"start":{"line":70,"column":59},"end":{"line":80,"column":5}},"line":70},"15":{"name":"(anonymous_15)","decl":{"start":{"line":72,"column":14},"end":{"line":72,"column":15}},"loc":{"start":{"line":72,"column":23},"end":{"line":75,"column":9}},"line":72},"16":{"name":"(anonymous_16)","decl":{"start":{"line":76,"column":14},"end":{"line":76,"column":15}},"loc":{"start":{"line":76,"column":23},"end":{"line":79,"column":9}},"line":76},"17":{"name":"(anonymous_17)","decl":{"start":{"line":82,"column":70},"end":{"line":82,"column":71}},"loc":{"start":{"line":82,"column":76},"end":{"line":95,"column":5}},"line":82},"18":{"name":"(anonymous_18)","decl":{"start":{"line":84,"column":14},"end":{"line":84,"column":15}},"loc":{"start":{"line":84,"column":23},"end":{"line":90,"column":9}},"line":84},"19":{"name":"(anonymous_19)","decl":{"start":{"line":91,"column":14},"end":{"line":91,"column":15}},"loc":{"start":{"line":91,"column":23},"end":{"line":94,"column":9}},"line":91}},"branchMap":{},"s":{"0":0,"1":0,"2":0,"3":0,"4":0,"5":0,"6":0,"7":0,"8":0,"9":0,"10":0,"11":0,"12":0,"13":0,"14":0,"15":0,"16":0,"17":0,"18":0,"19":0,"20":0,"21":0,"22":0,"23":0,"24":0,"25":0,"26":0,"27":0,"28":0,"29":0,"30":0,"31":0,"32":0,"33":0,"34":0,"35":0,"36":0},"f":{"0":0,"1":0,"2":0,"3":0,"4":0,"5":0,"6":0,"7":0,"8":0,"9":0,"10":0,"11":0,"12":0,"13":0,"14":0,"15":0,"16":0,"17":0,"18":0,"19":0},"b":{},"all":true},"c:\\DATA\\Projects\\Mrd Project\\Eshop\\src\\backend\\cypress\\integration\\examples\\cookies.spec.js":{"path":"c:\\DATA\\Projects\\Mrd Project\\Eshop\\src\\backend\\cypress\\integration\\examples\\cookies.spec.js","statementMap":{"0":{"start":{"line":3,"column":0},"end":{"line":78,"column":2}},"1":{"start":{"line":4,"column":2},"end":{"line":12,"column":4}},"2":{"start":{"line":5,"column":4},"end":{"line":5,"column":31}},"3":{"start":{"line":7,"column":4},"end":{"line":7,"column":59}},"4":{"start":{"line":11,"column":4},"end":{"line":11,"column":21}},"5":{"start":{"line":14,"column":2},"end":{"line":20,"column":4}},"6":{"start":{"line":16,"column":4},"end":{"line":16,"column":46}},"7":{"start":{"line":19,"column":4},"end":{"line":19,"column":68}},"8":{"start":{"line":22,"column":2},"end":{"line":39,"column":4}},"9":{"start":{"line":24,"column":4},"end":{"line":24,"column":38}},"10":{"start":{"line":26,"column":4},"end":{"line":26,"column":47}},"11":{"start":{"line":29,"column":4},"end":{"line":38,"column":6}},"12":{"start":{"line":32,"column":6},"end":{"line":32,"column":58}},"13":{"start":{"line":33,"column":6},"end":{"line":33,"column":60}},"14":{"start":{"line":34,"column":6},"end":{"line":34,"column":60}},"15":{"start":{"line":35,"column":6},"end":{"line":35,"column":58}},"16":{"start":{"line":36,"column":6},"end":{"line":36,"column":51}},"17":{"start":{"line":37,"column":6},"end":{"line":37,"column":49}},"18":{"start":{"line":41,"column":2},"end":{"line":49,"column":4}},"19":{"start":{"line":43,"column":4},"end":{"line":43,"column":38}},"20":{"start":{"line":45,"column":4},"end":{"line":45,"column":30}},"21":{"start":{"line":48,"column":4},"end":{"line":48,"column":63}},"22":{"start":{"line":51,"column":2},"end":{"line":63,"column":4}},"23":{"start":{"line":53,"column":4},"end":{"line":53,"column":43}},"24":{"start":{"line":55,"column":4},"end":{"line":55,"column":48}},"25":{"start":{"line":57,"column":4},"end":{"line":57,"column":68}},"26":{"start":{"line":60,"column":4},"end":{"line":60,"column":45}},"27":{"start":{"line":62,"column":4},"end":{"line":62,"column":43}},"28":{"start":{"line":65,"column":2},"end":{"line":77,"column":4}},"29":{"start":{"line":67,"column":4},"end":{"line":67,"column":38}},"30":{"start":{"line":69,"column":4},"end":{"line":69,"column":49}},"31":{"start":{"line":71,"column":4},"end":{"line":71,"column":44}},"32":{"start":{"line":74,"column":4},"end":{"line":74,"column":21}},"33":{"start":{"line":76,"column":4},"end":{"line":76,"column":38}}},"fnMap":{"0":{"name":"(anonymous_0)","decl":{"start":{"line":3,"column":19},"end":{"line":3,"column":20}},"loc":{"start":{"line":3,"column":25},"end":{"line":78,"column":1}},"line":3},"1":{"name":"(anonymous_1)","decl":{"start":{"line":4,"column":13},"end":{"line":4,"column":14}},"loc":{"start":{"line":4,"column":19},"end":{"line":12,"column":3}},"line":4},"2":{"name":"(anonymous_2)","decl":{"start":{"line":14,"column":46},"end":{"line":14,"column":47}},"loc":{"start":{"line":14,"column":52},"end":{"line":20,"column":3}},"line":14},"3":{"name":"(anonymous_3)","decl":{"start":{"line":22,"column":46},"end":{"line":22,"column":47}},"loc":{"start":{"line":22,"column":52},"end":{"line":39,"column":3}},"line":22},"4":{"name":"(anonymous_4)","decl":{"start":{"line":29,"column":52},"end":{"line":29,"column":53}},"loc":{"start":{"line":29,"column":65},"end":{"line":38,"column":5}},"line":29},"5":{"name":"(anonymous_5)","decl":{"start":{"line":41,"column":46},"end":{"line":41,"column":47}},"loc":{"start":{"line":41,"column":52},"end":{"line":49,"column":3}},"line":41},"6":{"name":"(anonymous_6)","decl":{"start":{"line":51,"column":50},"end":{"line":51,"column":51}},"loc":{"start":{"line":51,"column":56},"end":{"line":63,"column":3}},"line":51},"7":{"name":"(anonymous_7)","decl":{"start":{"line":65,"column":50},"end":{"line":65,"column":51}},"loc":{"start":{"line":65,"column":56},"end":{"line":77,"column":3}},"line":65}},"branchMap":{},"s":{"0":0,"1":0,"2":0,"3":0,"4":0,"5":0,"6":0,"7":0,"8":0,"9":0,"10":0,"11":0,"12":0,"13":0,"14":0,"15":0,"16":0,"17":0,"18":0,"19":0,"20":0,"21":0,"22":0,"23":0,"24":0,"25":0,"26":0,"27":0,"28":0,"29":0,"30":0,"31":0,"32":0,"33":0},"f":{"0":0,"1":0,"2":0,"3":0,"4":0,"5":0,"6":0,"7":0},"b":{},"all":true},"c:\\DATA\\Projects\\Mrd Project\\Eshop\\src\\backend\\cypress\\integration\\examples\\cypress_api.spec.js":{"path":"c:\\DATA\\Projects\\Mrd Project\\Eshop\\src\\backend\\cypress\\integration\\examples\\cypress_api.spec.js","statementMap":{"0":{"start":{"line":3,"column":0},"end":{"line":35,"column":2}},"1":{"start":{"line":4,"column":2},"end":{"line":6,"column":4}},"2":{"start":{"line":5,"column":4},"end":{"line":5,"column":54}},"3":{"start":{"line":10,"column":2},"end":{"line":34,"column":4}},"4":{"start":{"line":11,"column":4},"end":{"line":28,"column":6}},"5":{"start":{"line":18,"column":6},"end":{"line":18,"column":30}},"6":{"start":{"line":22,"column":6},"end":{"line":22,"column":48}},"7":{"start":{"line":27,"column":6},"end":{"line":27,"column":20}},"8":{"start":{"line":31,"column":4},"end":{"line":33,"column":6}},"9":{"start":{"line":38,"column":0},"end":{"line":73,"column":2}},"10":{"start":{"line":39,"column":2},"end":{"line":41,"column":4}},"11":{"start":{"line":40,"column":4},"end":{"line":40,"column":54}},"12":{"start":{"line":44,"column":2},"end":{"line":54,"column":4}},"13":{"start":{"line":45,"column":4},"end":{"line":45,"column":31}},"14":{"start":{"line":49,"column":4},"end":{"line":49,"column":40}},"15":{"start":{"line":50,"column":4},"end":{"line":50,"column":32}},"16":{"start":{"line":51,"column":4},"end":{"line":51,"column":40}},"17":{"start":{"line":52,"column":4},"end":{"line":52,"column":32}},"18":{"start":{"line":53,"column":4},"end":{"line":53,"column":40}},"19":{"start":{"line":56,"column":2},"end":{"line":64,"column":4}},"20":{"start":{"line":58,"column":4},"end":{"line":58,"column":50}},"21":{"start":{"line":62,"column":4},"end":{"line":62,"column":40}},"22":{"start":{"line":63,"column":4},"end":{"line":63,"column":46}},"23":{"start":{"line":66,"column":2},"end":{"line":72,"column":4}},"24":{"start":{"line":69,"column":4},"end":{"line":71,"column":6}},"25":{"start":{"line":76,"column":0},"end":{"line":91,"column":2}},"26":{"start":{"line":77,"column":2},"end":{"line":79,"column":4}},"27":{"start":{"line":78,"column":4},"end":{"line":78,"column":54}},"28":{"start":{"line":85,"column":2},"end":{"line":90,"column":4}},"29":{"start":{"line":86,"column":4},"end":{"line":89,"column":6}},"30":{"start":{"line":93,"column":0},"end":{"line":102,"column":2}},"31":{"start":{"line":94,"column":2},"end":{"line":96,"column":4}},"32":{"start":{"line":95,"column":4},"end":{"line":95,"column":54}},"33":{"start":{"line":98,"column":2},"end":{"line":101,"column":4}},"34":{"start":{"line":100,"column":4},"end":{"line":100,"column":33}},"35":{"start":{"line":104,"column":0},"end":{"line":132,"column":2}},"36":{"start":{"line":105,"column":2},"end":{"line":107,"column":4}},"37":{"start":{"line":106,"column":4},"end":{"line":106,"column":54}},"38":{"start":{"line":109,"column":2},"end":{"line":131,"column":4}},"39":{"start":{"line":111,"column":19},"end":{"line":111,"column":35}},"40":{"start":{"line":113,"column":4},"end":{"line":113,"column":70}},"41":{"start":{"line":114,"column":4},"end":{"line":114,"column":54}},"42":{"start":{"line":115,"column":4},"end":{"line":115,"column":68}},"43":{"start":{"line":116,"column":4},"end":{"line":116,"column":61}},"44":{"start":{"line":117,"column":4},"end":{"line":117,"column":63}},"45":{"start":{"line":118,"column":4},"end":{"line":118,"column":60}},"46":{"start":{"line":119,"column":4},"end":{"line":119,"column":60}},"47":{"start":{"line":120,"column":4},"end":{"line":120,"column":63}},"48":{"start":{"line":121,"column":4},"end":{"line":121,"column":64}},"49":{"start":{"line":123,"column":4},"end":{"line":123,"column":58}},"50":{"start":{"line":126,"column":4},"end":{"line":126,"column":44}},"51":{"start":{"line":128,"column":4},"end":{"line":128,"column":58}},"52":{"start":{"line":130,"column":4},"end":{"line":130,"column":44}},"53":{"start":{"line":134,"column":0},"end":{"line":148,"column":2}},"54":{"start":{"line":135,"column":2},"end":{"line":137,"column":4}},"55":{"start":{"line":136,"column":4},"end":{"line":136,"column":54}},"56":{"start":{"line":140,"column":2},"end":{"line":147,"column":4}},"57":{"start":{"line":141,"column":18},"end":{"line":141,"column":53}},"58":{"start":{"line":142,"column":19},"end":{"line":142,"column":55}},"59":{"start":{"line":145,"column":4},"end":{"line":145,"column":52}},"60":{"start":{"line":146,"column":4},"end":{"line":146,"column":54}},"61":{"start":{"line":150,"column":0},"end":{"line":177,"column":2}},"62":{"start":{"line":151,"column":2},"end":{"line":153,"column":4}},"63":{"start":{"line":152,"column":4},"end":{"line":152,"column":54}},"64":{"start":{"line":158,"column":2},"end":{"line":176,"column":4}},"65":{"start":{"line":161,"column":4},"end":{"line":164,"column":6}},"66":{"start":{"line":167,"column":4},"end":{"line":167,"column":59}},"67":{"start":{"line":170,"column":4},"end":{"line":170,"column":58}},"68":{"start":{"line":171,"column":4},"end":{"line":171,"column":72}},"69":{"start":{"line":174,"column":4},"end":{"line":174,"column":72}},"70":{"start":{"line":175,"column":4},"end":{"line":175,"column":85}},"71":{"start":{"line":179,"column":0},"end":{"line":187,"column":2}},"72":{"start":{"line":180,"column":2},"end":{"line":182,"column":4}},"73":{"start":{"line":181,"column":4},"end":{"line":181,"column":54}},"74":{"start":{"line":184,"column":2},"end":{"line":186,"column":4}},"75":{"start":{"line":190,"column":0},"end":{"line":199,"column":2}},"76":{"start":{"line":191,"column":2},"end":{"line":193,"column":4}},"77":{"start":{"line":192,"column":4},"end":{"line":192,"column":54}},"78":{"start":{"line":195,"column":2},"end":{"line":198,"column":4}},"79":{"start":{"line":197,"column":4},"end":{"line":197,"column":40}},"80":{"start":{"line":201,"column":0},"end":{"line":210,"column":2}},"81":{"start":{"line":202,"column":2},"end":{"line":204,"column":4}},"82":{"start":{"line":203,"column":4},"end":{"line":203,"column":54}},"83":{"start":{"line":206,"column":2},"end":{"line":209,"column":4}},"84":{"start":{"line":208,"column":4},"end":{"line":208,"column":39}},"85":{"start":{"line":212,"column":0},"end":{"line":222,"column":2}},"86":{"start":{"line":213,"column":2},"end":{"line":215,"column":4}},"87":{"start":{"line":214,"column":4},"end":{"line":214,"column":54}},"88":{"start":{"line":217,"column":2},"end":{"line":221,"column":4}},"89":{"start":{"line":220,"column":4},"end":{"line":220,"column":82}}},"fnMap":{"0":{"name":"(anonymous_0)","decl":{"start":{"line":3,"column":28},"end":{"line":3,"column":29}},"loc":{"start":{"line":3,"column":34},"end":{"line":35,"column":1}},"line":3},"1":{"name":"(anonymous_1)","decl":{"start":{"line":4,"column":13},"end":{"line":4,"column":14}},"loc":{"start":{"line":4,"column":19},"end":{"line":6,"column":3}},"line":4},"2":{"name":"(anonymous_2)","decl":{"start":{"line":10,"column":41},"end":{"line":10,"column":42}},"loc":{"start":{"line":10,"column":47},"end":{"line":34,"column":3}},"line":10},"3":{"name":"(anonymous_3)","decl":{"start":{"line":13,"column":7},"end":{"line":13,"column":8}},"loc":{"start":{"line":13,"column":28},"end":{"line":28,"column":5}},"line":13},"4":{"name":"(anonymous_4)","decl":{"start":{"line":31,"column":42},"end":{"line":31,"column":43}},"loc":{"start":{"line":31,"column":55},"end":{"line":33,"column":5}},"line":31},"5":{"name":"(anonymous_5)","decl":{"start":{"line":38,"column":27},"end":{"line":38,"column":28}},"loc":{"start":{"line":38,"column":33},"end":{"line":73,"column":1}},"line":38},"6":{"name":"(anonymous_6)","decl":{"start":{"line":39,"column":13},"end":{"line":39,"column":14}},"loc":{"start":{"line":39,"column":19},"end":{"line":41,"column":3}},"line":39},"7":{"name":"(anonymous_7)","decl":{"start":{"line":44,"column":47},"end":{"line":44,"column":48}},"loc":{"start":{"line":44,"column":53},"end":{"line":54,"column":3}},"line":44},"8":{"name":"(anonymous_8)","decl":{"start":{"line":56,"column":50},"end":{"line":56,"column":51}},"loc":{"start":{"line":56,"column":56},"end":{"line":64,"column":3}},"line":56},"9":{"name":"(anonymous_9)","decl":{"start":{"line":66,"column":51},"end":{"line":66,"column":52}},"loc":{"start":{"line":66,"column":57},"end":{"line":72,"column":3}},"line":66},"10":{"name":"(anonymous_10)","decl":{"start":{"line":76,"column":26},"end":{"line":76,"column":27}},"loc":{"start":{"line":76,"column":32},"end":{"line":91,"column":1}},"line":76},"11":{"name":"(anonymous_11)","decl":{"start":{"line":77,"column":13},"end":{"line":77,"column":14}},"loc":{"start":{"line":77,"column":19},"end":{"line":79,"column":3}},"line":77},"12":{"name":"(anonymous_12)","decl":{"start":{"line":85,"column":54},"end":{"line":85,"column":55}},"loc":{"start":{"line":85,"column":60},"end":{"line":90,"column":3}},"line":85},"13":{"name":"(anonymous_13)","decl":{"start":{"line":93,"column":24},"end":{"line":93,"column":25}},"loc":{"start":{"line":93,"column":30},"end":{"line":102,"column":1}},"line":93},"14":{"name":"(anonymous_14)","decl":{"start":{"line":94,"column":13},"end":{"line":94,"column":14}},"loc":{"start":{"line":94,"column":19},"end":{"line":96,"column":3}},"line":94},"15":{"name":"(anonymous_15)","decl":{"start":{"line":98,"column":51},"end":{"line":98,"column":52}},"loc":{"start":{"line":98,"column":57},"end":{"line":101,"column":3}},"line":98},"16":{"name":"(anonymous_16)","decl":{"start":{"line":104,"column":28},"end":{"line":104,"column":29}},"loc":{"start":{"line":104,"column":34},"end":{"line":132,"column":1}},"line":104},"17":{"name":"(anonymous_17)","decl":{"start":{"line":105,"column":13},"end":{"line":105,"column":14}},"loc":{"start":{"line":105,"column":19},"end":{"line":107,"column":3}},"line":105},"18":{"name":"(anonymous_18)","decl":{"start":{"line":109,"column":42},"end":{"line":109,"column":43}},"loc":{"start":{"line":109,"column":48},"end":{"line":131,"column":3}},"line":109},"19":{"name":"(anonymous_19)","decl":{"start":{"line":134,"column":23},"end":{"line":134,"column":24}},"loc":{"start":{"line":134,"column":29},"end":{"line":148,"column":1}},"line":134},"20":{"name":"(anonymous_20)","decl":{"start":{"line":135,"column":13},"end":{"line":135,"column":14}},"loc":{"start":{"line":135,"column":19},"end":{"line":137,"column":3}},"line":135},"21":{"name":"(anonymous_21)","decl":{"start":{"line":140,"column":59},"end":{"line":140,"column":60}},"loc":{"start":{"line":140,"column":65},"end":{"line":147,"column":3}},"line":140},"22":{"name":"(anonymous_22)","decl":{"start":{"line":150,"column":25},"end":{"line":150,"column":26}},"loc":{"start":{"line":150,"column":31},"end":{"line":177,"column":1}},"line":150},"23":{"name":"(anonymous_23)","decl":{"start":{"line":151,"column":13},"end":{"line":151,"column":14}},"loc":{"start":{"line":151,"column":19},"end":{"line":153,"column":3}},"line":151},"24":{"name":"(anonymous_24)","decl":{"start":{"line":158,"column":34},"end":{"line":158,"column":35}},"loc":{"start":{"line":158,"column":40},"end":{"line":176,"column":3}},"line":158},"25":{"name":"(anonymous_25)","decl":{"start":{"line":179,"column":23},"end":{"line":179,"column":24}},"loc":{"start":{"line":179,"column":29},"end":{"line":187,"column":1}},"line":179},"26":{"name":"(anonymous_26)","decl":{"start":{"line":180,"column":13},"end":{"line":180,"column":14}},"loc":{"start":{"line":180,"column":19},"end":{"line":182,"column":3}},"line":180},"27":{"name":"(anonymous_27)","decl":{"start":{"line":184,"column":51},"end":{"line":184,"column":52}},"loc":{"start":{"line":184,"column":57},"end":{"line":186,"column":3}},"line":184},"28":{"name":"(anonymous_28)","decl":{"start":{"line":190,"column":28},"end":{"line":190,"column":29}},"loc":{"start":{"line":190,"column":34},"end":{"line":199,"column":1}},"line":190},"29":{"name":"(anonymous_29)","decl":{"start":{"line":191,"column":13},"end":{"line":191,"column":14}},"loc":{"start":{"line":191,"column":19},"end":{"line":193,"column":3}},"line":191},"30":{"name":"(anonymous_30)","decl":{"start":{"line":195,"column":31},"end":{"line":195,"column":32}},"loc":{"start":{"line":195,"column":37},"end":{"line":198,"column":3}},"line":195},"31":{"name":"(anonymous_31)","decl":{"start":{"line":201,"column":27},"end":{"line":201,"column":28}},"loc":{"start":{"line":201,"column":33},"end":{"line":210,"column":1}},"line":201},"32":{"name":"(anonymous_32)","decl":{"start":{"line":202,"column":13},"end":{"line":202,"column":14}},"loc":{"start":{"line":202,"column":19},"end":{"line":204,"column":3}},"line":202},"33":{"name":"(anonymous_33)","decl":{"start":{"line":206,"column":49},"end":{"line":206,"column":50}},"loc":{"start":{"line":206,"column":55},"end":{"line":209,"column":3}},"line":206},"34":{"name":"(anonymous_34)","decl":{"start":{"line":212,"column":24},"end":{"line":212,"column":25}},"loc":{"start":{"line":212,"column":30},"end":{"line":222,"column":1}},"line":212},"35":{"name":"(anonymous_35)","decl":{"start":{"line":213,"column":13},"end":{"line":213,"column":14}},"loc":{"start":{"line":213,"column":19},"end":{"line":215,"column":3}},"line":213},"36":{"name":"(anonymous_36)","decl":{"start":{"line":217,"column":37},"end":{"line":217,"column":38}},"loc":{"start":{"line":217,"column":43},"end":{"line":221,"column":3}},"line":217}},"branchMap":{"0":{"loc":{"start":{"line":18,"column":15},"end":{"line":18,"column":30}},"type":"binary-expr","locations":[{"start":{"line":18,"column":15},"end":{"line":18,"column":21}},{"start":{"line":18,"column":25},"end":{"line":18,"column":30}}],"line":18}},"s":{"0":0,"1":0,"2":0,"3":0,"4":0,"5":0,"6":0,"7":0,"8":0,"9":0,"10":0,"11":0,"12":0,"13":0,"14":0,"15":0,"16":0,"17":0,"18":0,"19":0,"20":0,"21":0,"22":0,"23":0,"24":0,"25":0,"26":0,"27":0,"28":0,"29":0,"30":0,"31":0,"32":0,"33":0,"34":0,"35":0,"36":0,"37":0,"38":0,"39":0,"40":0,"41":0,"42":0,"43":0,"44":0,"45":0,"46":0,"47":0,"48":0,"49":0,"50":0,"51":0,"52":0,"53":0,"54":0,"55":0,"56":0,"57":0,"58":0,"59":0,"60":0,"61":0,"62":0,"63":0,"64":0,"65":0,"66":0,"67":0,"68":0,"69":0,"70":0,"71":0,"72":0,"73":0,"74":0,"75":0,"76":0,"77":0,"78":0,"79":0,"80":0,"81":0,"82":0,"83":0,"84":0,"85":0,"86":0,"87":0,"88":0,"89":0},"f":{"0":0,"1":0,"2":0,"3":0,"4":0,"5":0,"6":0,"7":0,"8":0,"9":0,"10":0,"11":0,"12":0,"13":0,"14":0,"15":0,"16":0,"17":0,"18":0,"19":0,"20":0,"21":0,"22":0,"23":0,"24":0,"25":0,"26":0,"27":0,"28":0,"29":0,"30":0,"31":0,"32":0,"33":0,"34":0,"35":0,"36":0},"b":{"0":[0,0]},"all":true},"c:\\DATA\\Projects\\Mrd Project\\Eshop\\src\\backend\\cypress\\integration\\examples\\files.spec.js":{"path":"c:\\DATA\\Projects\\Mrd Project\\Eshop\\src\\backend\\cypress\\integration\\examples\\files.spec.js","statementMap":{"0":{"start":{"line":6,"column":24},"end":{"line":6,"column":57}},"1":{"start":{"line":8,"column":0},"end":{"line":114,"column":2}},"2":{"start":{"line":9,"column":2},"end":{"line":11,"column":4}},"3":{"start":{"line":10,"column":4},"end":{"line":10,"column":57}},"4":{"start":{"line":13,"column":2},"end":{"line":17,"column":4}},"5":{"start":{"line":16,"column":4},"end":{"line":16,"column":44}},"6":{"start":{"line":19,"column":2},"end":{"line":62,"column":4}},"7":{"start":{"line":25,"column":4},"end":{"line":25,"column":15}},"8":{"start":{"line":26,"column":4},"end":{"line":26,"column":44}},"9":{"start":{"line":30,"column":4},"end":{"line":30,"column":62}},"10":{"start":{"line":34,"column":4},"end":{"line":34,"column":34}},"11":{"start":{"line":36,"column":4},"end":{"line":38,"column":57}},"12":{"start":{"line":41,"column":4},"end":{"line":41,"column":74}},"13":{"start":{"line":45,"column":4},"end":{"line":45,"column":34}},"14":{"start":{"line":47,"column":4},"end":{"line":49,"column":57}},"15":{"start":{"line":53,"column":4},"end":{"line":53,"column":64}},"16":{"start":{"line":57,"column":4},"end":{"line":57,"column":34}},"17":{"start":{"line":59,"column":4},"end":{"line":61,"column":57}},"18":{"start":{"line":64,"column":2},"end":{"line":75,"column":4}},"19":{"start":{"line":68,"column":4},"end":{"line":69,"column":37}},"20":{"start":{"line":73,"column":4},"end":{"line":74,"column":44}},"21":{"start":{"line":77,"column":2},"end":{"line":85,"column":4}},"22":{"start":{"line":82,"column":4},"end":{"line":84,"column":6}},"23":{"start":{"line":83,"column":6},"end":{"line":83,"column":37}},"24":{"start":{"line":87,"column":2},"end":{"line":113,"column":4}},"25":{"start":{"line":94,"column":4},"end":{"line":97,"column":8}},"26":{"start":{"line":96,"column":8},"end":{"line":96,"column":66}},"27":{"start":{"line":98,"column":4},"end":{"line":100,"column":6}},"28":{"start":{"line":99,"column":6},"end":{"line":99,"column":36}},"29":{"start":{"line":104,"column":4},"end":{"line":108,"column":6}},"30":{"start":{"line":110,"column":4},"end":{"line":112,"column":6}},"31":{"start":{"line":111,"column":6},"end":{"line":111,"column":40}}},"fnMap":{"0":{"name":"(anonymous_0)","decl":{"start":{"line":8,"column":17},"end":{"line":8,"column":18}},"loc":{"start":{"line":8,"column":23},"end":{"line":114,"column":1}},"line":8},"1":{"name":"(anonymous_1)","decl":{"start":{"line":9,"column":13},"end":{"line":9,"column":14}},"loc":{"start":{"line":9,"column":19},"end":{"line":11,"column":3}},"line":9},"2":{"name":"(anonymous_2)","decl":{"start":{"line":13,"column":13},"end":{"line":13,"column":14}},"loc":{"start":{"line":13,"column":19},"end":{"line":17,"column":3}},"line":13},"3":{"name":"(anonymous_3)","decl":{"start":{"line":19,"column":38},"end":{"line":19,"column":39}},"loc":{"start":{"line":19,"column":44},"end":{"line":62,"column":3}},"line":19},"4":{"name":"(anonymous_4)","decl":{"start":{"line":64,"column":49},"end":{"line":64,"column":50}},"loc":{"start":{"line":64,"column":61},"end":{"line":75,"column":3}},"line":64},"5":{"name":"(anonymous_5)","decl":{"start":{"line":77,"column":43},"end":{"line":77,"column":44}},"loc":{"start":{"line":77,"column":49},"end":{"line":85,"column":3}},"line":77},"6":{"name":"(anonymous_6)","decl":{"start":{"line":82,"column":37},"end":{"line":82,"column":38}},"loc":{"start":{"line":82,"column":47},"end":{"line":84,"column":5}},"line":82},"7":{"name":"(anonymous_7)","decl":{"start":{"line":87,"column":41},"end":{"line":87,"column":42}},"loc":{"start":{"line":87,"column":47},"end":{"line":113,"column":3}},"line":87},"8":{"name":"(anonymous_8)","decl":{"start":{"line":95,"column":12},"end":{"line":95,"column":13}},"loc":{"start":{"line":95,"column":26},"end":{"line":97,"column":7}},"line":95},"9":{"name":"(anonymous_9)","decl":{"start":{"line":98,"column":31},"end":{"line":98,"column":32}},"loc":{"start":{"line":98,"column":42},"end":{"line":100,"column":5}},"line":98},"10":{"name":"(anonymous_10)","decl":{"start":{"line":110,"column":33},"end":{"line":110,"column":34}},"loc":{"start":{"line":110,"column":46},"end":{"line":112,"column":5}},"line":110}},"branchMap":{},"s":{"0":0,"1":0,"2":0,"3":0,"4":0,"5":0,"6":0,"7":0,"8":0,"9":0,"10":0,"11":0,"12":0,"13":0,"14":0,"15":0,"16":0,"17":0,"18":0,"19":0,"20":0,"21":0,"22":0,"23":0,"24":0,"25":0,"26":0,"27":0,"28":0,"29":0,"30":0,"31":0},"f":{"0":0,"1":0,"2":0,"3":0,"4":0,"5":0,"6":0,"7":0,"8":0,"9":0,"10":0},"b":{},"all":true},"c:\\DATA\\Projects\\Mrd Project\\Eshop\\src\\backend\\cypress\\integration\\examples\\local_storage.spec.js":{"path":"c:\\DATA\\Projects\\Mrd Project\\Eshop\\src\\backend\\cypress\\integration\\examples\\local_storage.spec.js","statementMap":{"0":{"start":{"line":3,"column":0},"end":{"line":52,"column":2}},"1":{"start":{"line":4,"column":2},"end":{"line":6,"column":4}},"2":{"start":{"line":5,"column":4},"end":{"line":5,"column":65}},"3":{"start":{"line":11,"column":2},"end":{"line":51,"column":4}},"4":{"start":{"line":13,"column":4},"end":{"line":17,"column":6}},"5":{"start":{"line":14,"column":6},"end":{"line":14,"column":56}},"6":{"start":{"line":15,"column":6},"end":{"line":15,"column":57}},"7":{"start":{"line":16,"column":6},"end":{"line":16,"column":60}},"8":{"start":{"line":20,"column":4},"end":{"line":24,"column":6}},"9":{"start":{"line":21,"column":6},"end":{"line":21,"column":44}},"10":{"start":{"line":22,"column":6},"end":{"line":22,"column":44}},"11":{"start":{"line":23,"column":6},"end":{"line":23,"column":44}},"12":{"start":{"line":27,"column":4},"end":{"line":31,"column":6}},"13":{"start":{"line":28,"column":6},"end":{"line":28,"column":56}},"14":{"start":{"line":29,"column":6},"end":{"line":29,"column":57}},"15":{"start":{"line":30,"column":6},"end":{"line":30,"column":60}},"16":{"start":{"line":33,"column":4},"end":{"line":37,"column":6}},"17":{"start":{"line":34,"column":6},"end":{"line":34,"column":44}},"18":{"start":{"line":35,"column":6},"end":{"line":35,"column":47}},"19":{"start":{"line":36,"column":6},"end":{"line":36,"column":50}},"20":{"start":{"line":40,"column":4},"end":{"line":44,"column":6}},"21":{"start":{"line":41,"column":6},"end":{"line":41,"column":56}},"22":{"start":{"line":42,"column":6},"end":{"line":42,"column":57}},"23":{"start":{"line":43,"column":6},"end":{"line":43,"column":60}},"24":{"start":{"line":46,"column":4},"end":{"line":50,"column":6}},"25":{"start":{"line":47,"column":6},"end":{"line":47,"column":44}},"26":{"start":{"line":48,"column":6},"end":{"line":48,"column":44}},"27":{"start":{"line":49,"column":6},"end":{"line":49,"column":50}}},"fnMap":{"0":{"name":"(anonymous_0)","decl":{"start":{"line":3,"column":25},"end":{"line":3,"column":26}},"loc":{"start":{"line":3,"column":31},"end":{"line":52,"column":1}},"line":3},"1":{"name":"(anonymous_1)","decl":{"start":{"line":4,"column":13},"end":{"line":4,"column":14}},"loc":{"start":{"line":4,"column":19},"end":{"line":6,"column":3}},"line":4},"2":{"name":"(anonymous_2)","decl":{"start":{"line":11,"column":65},"end":{"line":11,"column":66}},"loc":{"start":{"line":11,"column":71},"end":{"line":51,"column":3}},"line":11},"3":{"name":"(anonymous_3)","decl":{"start":{"line":13,"column":37},"end":{"line":13,"column":38}},"loc":{"start":{"line":13,"column":43},"end":{"line":17,"column":5}},"line":13},"4":{"name":"(anonymous_4)","decl":{"start":{"line":20,"column":34},"end":{"line":20,"column":35}},"loc":{"start":{"line":20,"column":42},"end":{"line":24,"column":5}},"line":20},"5":{"name":"(anonymous_5)","decl":{"start":{"line":27,"column":37},"end":{"line":27,"column":38}},"loc":{"start":{"line":27,"column":43},"end":{"line":31,"column":5}},"line":27},"6":{"name":"(anonymous_6)","decl":{"start":{"line":33,"column":41},"end":{"line":33,"column":42}},"loc":{"start":{"line":33,"column":49},"end":{"line":37,"column":5}},"line":33},"7":{"name":"(anonymous_7)","decl":{"start":{"line":40,"column":37},"end":{"line":40,"column":38}},"loc":{"start":{"line":40,"column":43},"end":{"line":44,"column":5}},"line":40},"8":{"name":"(anonymous_8)","decl":{"start":{"line":46,"column":43},"end":{"line":46,"column":44}},"loc":{"start":{"line":46,"column":51},"end":{"line":50,"column":5}},"line":46}},"branchMap":{},"s":{"0":0,"1":0,"2":0,"3":0,"4":0,"5":0,"6":0,"7":0,"8":0,"9":0,"10":0,"11":0,"12":0,"13":0,"14":0,"15":0,"16":0,"17":0,"18":0,"19":0,"20":0,"21":0,"22":0,"23":0,"24":0,"25":0,"26":0,"27":0},"f":{"0":0,"1":0,"2":0,"3":0,"4":0,"5":0,"6":0,"7":0,"8":0},"b":{},"all":true},"c:\\DATA\\Projects\\Mrd Project\\Eshop\\src\\backend\\cypress\\integration\\examples\\location.spec.js":{"path":"c:\\DATA\\Projects\\Mrd Project\\Eshop\\src\\backend\\cypress\\integration\\examples\\location.spec.js","statementMap":{"0":{"start":{"line":3,"column":0},"end":{"line":32,"column":2}},"1":{"start":{"line":4,"column":2},"end":{"line":6,"column":4}},"2":{"start":{"line":5,"column":4},"end":{"line":5,"column":60}},"3":{"start":{"line":8,"column":2},"end":{"line":11,"column":4}},"4":{"start":{"line":10,"column":4},"end":{"line":10,"column":32}},"5":{"start":{"line":13,"column":2},"end":{"line":26,"column":4}},"6":{"start":{"line":15,"column":4},"end":{"line":25,"column":6}},"7":{"start":{"line":16,"column":6},"end":{"line":16,"column":39}},"8":{"start":{"line":17,"column":6},"end":{"line":17,"column":81}},"9":{"start":{"line":18,"column":6},"end":{"line":18,"column":55}},"10":{"start":{"line":19,"column":6},"end":{"line":19,"column":59}},"11":{"start":{"line":20,"column":6},"end":{"line":20,"column":65}},"12":{"start":{"line":21,"column":6},"end":{"line":21,"column":59}},"13":{"start":{"line":22,"column":6},"end":{"line":22,"column":37}},"14":{"start":{"line":23,"column":6},"end":{"line":23,"column":47}},"15":{"start":{"line":24,"column":6},"end":{"line":24,"column":41}},"16":{"start":{"line":28,"column":2},"end":{"line":31,"column":4}},"17":{"start":{"line":30,"column":4},"end":{"line":30,"column":73}}},"fnMap":{"0":{"name":"(anonymous_0)","decl":{"start":{"line":3,"column":20},"end":{"line":3,"column":21}},"loc":{"start":{"line":3,"column":26},"end":{"line":32,"column":1}},"line":3},"1":{"name":"(anonymous_1)","decl":{"start":{"line":4,"column":13},"end":{"line":4,"column":14}},"loc":{"start":{"line":4,"column":19},"end":{"line":6,"column":3}},"line":4},"2":{"name":"(anonymous_2)","decl":{"start":{"line":8,"column":45},"end":{"line":8,"column":46}},"loc":{"start":{"line":8,"column":51},"end":{"line":11,"column":3}},"line":8},"3":{"name":"(anonymous_3)","decl":{"start":{"line":13,"column":44},"end":{"line":13,"column":45}},"loc":{"start":{"line":13,"column":50},"end":{"line":26,"column":3}},"line":13},"4":{"name":"(anonymous_4)","decl":{"start":{"line":15,"column":25},"end":{"line":15,"column":26}},"loc":{"start":{"line":15,"column":39},"end":{"line":25,"column":5}},"line":15},"5":{"name":"(anonymous_5)","decl":{"start":{"line":28,"column":39},"end":{"line":28,"column":40}},"loc":{"start":{"line":28,"column":45},"end":{"line":31,"column":3}},"line":28}},"branchMap":{},"s":{"0":0,"1":0,"2":0,"3":0,"4":0,"5":0,"6":0,"7":0,"8":0,"9":0,"10":0,"11":0,"12":0,"13":0,"14":0,"15":0,"16":0,"17":0},"f":{"0":0,"1":0,"2":0,"3":0,"4":0,"5":0},"b":{},"all":true},"c:\\DATA\\Projects\\Mrd Project\\Eshop\\src\\backend\\cypress\\integration\\examples\\misc.spec.js":{"path":"c:\\DATA\\Projects\\Mrd Project\\Eshop\\src\\backend\\cypress\\integration\\examples\\misc.spec.js","statementMap":{"0":{"start":{"line":3,"column":0},"end":{"line":92,"column":2}},"1":{"start":{"line":4,"column":2},"end":{"line":6,"column":4}},"2":{"start":{"line":5,"column":4},"end":{"line":5,"column":56}},"3":{"start":{"line":8,"column":2},"end":{"line":20,"column":4}},"4":{"start":{"line":13,"column":4},"end":{"line":19,"column":6}},"5":{"start":{"line":15,"column":6},"end":{"line":15,"column":41}},"6":{"start":{"line":18,"column":6},"end":{"line":18,"column":36}},"7":{"start":{"line":22,"column":2},"end":{"line":55,"column":4}},"8":{"start":{"line":31,"column":4},"end":{"line":31,"column":71}},"9":{"start":{"line":36,"column":30},"end":{"line":36,"column":83}},"10":{"start":{"line":38,"column":4},"end":{"line":40,"column":5}},"11":{"start":{"line":39,"column":6},"end":{"line":39,"column":12}},"12":{"start":{"line":42,"column":4},"end":{"line":43,"column":51}},"13":{"start":{"line":45,"column":4},"end":{"line":54,"column":5}},"14":{"start":{"line":46,"column":6},"end":{"line":47,"column":41}},"15":{"start":{"line":49,"column":6},"end":{"line":50,"column":41}},"16":{"start":{"line":52,"column":6},"end":{"line":53,"column":36}},"17":{"start":{"line":57,"column":2},"end":{"line":64,"column":4}},"18":{"start":{"line":59,"column":4},"end":{"line":59,"column":46}},"19":{"start":{"line":60,"column":4},"end":{"line":60,"column":42}},"20":{"start":{"line":62,"column":4},"end":{"line":62,"column":53}},"21":{"start":{"line":63,"column":4},"end":{"line":63,"column":49}},"22":{"start":{"line":66,"column":2},"end":{"line":84,"column":4}},"23":{"start":{"line":67,"column":4},"end":{"line":70,"column":6}},"24":{"start":{"line":69,"column":6},"end":{"line":69,"column":31}},"25":{"start":{"line":72,"column":4},"end":{"line":83,"column":6}},"26":{"start":{"line":73,"column":6},"end":{"line":82,"column":8}},"27":{"start":{"line":86,"column":2},"end":{"line":91,"column":4}},"28":{"start":{"line":88,"column":4},"end":{"line":90,"column":28}}},"fnMap":{"0":{"name":"(anonymous_0)","decl":{"start":{"line":3,"column":16},"end":{"line":3,"column":17}},"loc":{"start":{"line":3,"column":22},"end":{"line":92,"column":1}},"line":3},"1":{"name":"(anonymous_1)","decl":{"start":{"line":4,"column":13},"end":{"line":4,"column":14}},"loc":{"start":{"line":4,"column":19},"end":{"line":6,"column":3}},"line":4},"2":{"name":"(anonymous_2)","decl":{"start":{"line":8,"column":39},"end":{"line":8,"column":40}},"loc":{"start":{"line":8,"column":45},"end":{"line":20,"column":3}},"line":8},"3":{"name":"(anonymous_3)","decl":{"start":{"line":13,"column":33},"end":{"line":13,"column":34}},"loc":{"start":{"line":13,"column":39},"end":{"line":19,"column":5}},"line":13},"4":{"name":"(anonymous_4)","decl":{"start":{"line":22,"column":45},"end":{"line":22,"column":46}},"loc":{"start":{"line":22,"column":51},"end":{"line":55,"column":3}},"line":22},"5":{"name":"(anonymous_5)","decl":{"start":{"line":57,"column":58},"end":{"line":57,"column":59}},"loc":{"start":{"line":57,"column":64},"end":{"line":64,"column":3}},"line":57},"6":{"name":"(anonymous_6)","decl":{"start":{"line":66,"column":32},"end":{"line":66,"column":33}},"loc":{"start":{"line":66,"column":44},"end":{"line":84,"column":3}},"line":66},"7":{"name":"(anonymous_7)","decl":{"start":{"line":67,"column":46},"end":{"line":67,"column":47}},"loc":{"start":{"line":67,"column":52},"end":{"line":70,"column":5}},"line":67},"8":{"name":"(anonymous_8)","decl":{"start":{"line":72,"column":79},"end":{"line":72,"column":80}},"loc":{"start":{"line":72,"column":91},"end":{"line":83,"column":5}},"line":72},"9":{"name":"(anonymous_9)","decl":{"start":{"line":80,"column":8},"end":{"line":80,"column":9}},"loc":{"start":{"line":80,"column":28},"end":{"line":80,"column":31}},"line":80},"10":{"name":"(anonymous_10)","decl":{"start":{"line":81,"column":8},"end":{"line":81,"column":9}},"loc":{"start":{"line":81,"column":27},"end":{"line":81,"column":30}},"line":81},"11":{"name":"(anonymous_11)","decl":{"start":{"line":86,"column":35},"end":{"line":86,"column":36}},"loc":{"start":{"line":86,"column":41},"end":{"line":91,"column":3}},"line":86}},"branchMap":{"0":{"loc":{"start":{"line":36,"column":30},"end":{"line":36,"column":83}},"type":"binary-expr","locations":[{"start":{"line":36,"column":30},"end":{"line":36,"column":58}},{"start":{"line":36,"column":62},"end":{"line":36,"column":83}}],"line":36},"1":{"loc":{"start":{"line":38,"column":4},"end":{"line":40,"column":5}},"type":"if","locations":[{"start":{"line":38,"column":4},"end":{"line":40,"column":5}},{"start":{"line":38,"column":4},"end":{"line":40,"column":5}}],"line":38},"2":{"loc":{"start":{"line":45,"column":4},"end":{"line":54,"column":5}},"type":"if","locations":[{"start":{"line":45,"column":4},"end":{"line":54,"column":5}},{"start":{"line":45,"column":4},"end":{"line":54,"column":5}}],"line":45}},"s":{"0":0,"1":0,"2":0,"3":0,"4":0,"5":0,"6":0,"7":0,"8":0,"9":0,"10":0,"11":0,"12":0,"13":0,"14":0,"15":0,"16":0,"17":0,"18":0,"19":0,"20":0,"21":0,"22":0,"23":0,"24":0,"25":0,"26":0,"27":0,"28":0},"f":{"0":0,"1":0,"2":0,"3":0,"4":0,"5":0,"6":0,"7":0,"8":0,"9":0,"10":0,"11":0},"b":{"0":[0,0],"1":[0,0],"2":[0,0]},"all":true},"c:\\DATA\\Projects\\Mrd Project\\Eshop\\src\\backend\\cypress\\integration\\examples\\navigation.spec.js":{"path":"c:\\DATA\\Projects\\Mrd Project\\Eshop\\src\\backend\\cypress\\integration\\examples\\navigation.spec.js","statementMap":{"0":{"start":{"line":3,"column":0},"end":{"line":56,"column":2}},"1":{"start":{"line":4,"column":2},"end":{"line":8,"column":4}},"2":{"start":{"line":5,"column":4},"end":{"line":5,"column":42}},"3":{"start":{"line":6,"column":4},"end":{"line":6,"column":54}},"4":{"start":{"line":7,"column":4},"end":{"line":7,"column":59}},"5":{"start":{"line":10,"column":2},"end":{"line":28,"column":4}},"6":{"start":{"line":13,"column":4},"end":{"line":13,"column":59}},"7":{"start":{"line":15,"column":4},"end":{"line":15,"column":17}},"8":{"start":{"line":16,"column":4},"end":{"line":16,"column":63}},"9":{"start":{"line":18,"column":4},"end":{"line":18,"column":20}},"10":{"start":{"line":19,"column":4},"end":{"line":19,"column":59}},"11":{"start":{"line":22,"column":4},"end":{"line":22,"column":13}},"12":{"start":{"line":23,"column":4},"end":{"line":23,"column":63}},"13":{"start":{"line":26,"column":4},"end":{"line":26,"column":12}},"14":{"start":{"line":27,"column":4},"end":{"line":27,"column":59}},"15":{"start":{"line":30,"column":2},"end":{"line":36,"column":4}},"16":{"start":{"line":32,"column":4},"end":{"line":32,"column":15}},"17":{"start":{"line":35,"column":4},"end":{"line":35,"column":19}},"18":{"start":{"line":38,"column":2},"end":{"line":55,"column":6}},"19":{"start":{"line":44,"column":4},"end":{"line":54,"column":6}},"20":{"start":{"line":48,"column":8},"end":{"line":48,"column":60}},"21":{"start":{"line":52,"column":8},"end":{"line":52,"column":60}}},"fnMap":{"0":{"name":"(anonymous_0)","decl":{"start":{"line":3,"column":22},"end":{"line":3,"column":23}},"loc":{"start":{"line":3,"column":28},"end":{"line":56,"column":1}},"line":3},"1":{"name":"(anonymous_1)","decl":{"start":{"line":4,"column":13},"end":{"line":4,"column":14}},"loc":{"start":{"line":4,"column":19},"end":{"line":8,"column":3}},"line":4},"2":{"name":"(anonymous_2)","decl":{"start":{"line":10,"column":63},"end":{"line":10,"column":64}},"loc":{"start":{"line":10,"column":69},"end":{"line":28,"column":3}},"line":10},"3":{"name":"(anonymous_3)","decl":{"start":{"line":30,"column":38},"end":{"line":30,"column":39}},"loc":{"start":{"line":30,"column":44},"end":{"line":36,"column":3}},"line":30},"4":{"name":"(anonymous_4)","decl":{"start":{"line":38,"column":40},"end":{"line":38,"column":41}},"loc":{"start":{"line":38,"column":46},"end":{"line":55,"column":5}},"line":38},"5":{"name":"(anonymous_5)","decl":{"start":{"line":46,"column":6},"end":{"line":46,"column":7}},"loc":{"start":{"line":46,"column":35},"end":{"line":49,"column":7}},"line":46},"6":{"name":"(anonymous_6)","decl":{"start":{"line":50,"column":6},"end":{"line":50,"column":7}},"loc":{"start":{"line":50,"column":29},"end":{"line":53,"column":7}},"line":50}},"branchMap":{},"s":{"0":0,"1":0,"2":0,"3":0,"4":0,"5":0,"6":0,"7":0,"8":0,"9":0,"10":0,"11":0,"12":0,"13":0,"14":0,"15":0,"16":0,"17":0,"18":0,"19":0,"20":0,"21":0},"f":{"0":0,"1":0,"2":0,"3":0,"4":0,"5":0,"6":0},"b":{},"all":true},"c:\\DATA\\Projects\\Mrd Project\\Eshop\\src\\backend\\cypress\\integration\\examples\\network_requests.spec.js":{"path":"c:\\DATA\\Projects\\Mrd Project\\Eshop\\src\\backend\\cypress\\integration\\examples\\network_requests.spec.js","statementMap":{"0":{"start":{"line":3,"column":0},"end":{"line":195,"column":2}},"1":{"start":{"line":4,"column":2},"end":{"line":6,"column":4}},"2":{"start":{"line":5,"column":4},"end":{"line":5,"column":68}},"3":{"start":{"line":10,"column":2},"end":{"line":46,"column":4}},"4":{"start":{"line":13,"column":4},"end":{"line":34,"column":6}},"5":{"start":{"line":16,"column":6},"end":{"line":16,"column":35}},"6":{"start":{"line":17,"column":6},"end":{"line":17,"column":40}},"7":{"start":{"line":18,"column":6},"end":{"line":18,"column":38}},"8":{"start":{"line":19,"column":6},"end":{"line":19,"column":39}},"9":{"start":{"line":20,"column":6},"end":{"line":20,"column":40}},"10":{"start":{"line":21,"column":6},"end":{"line":21,"column":46}},"11":{"start":{"line":22,"column":6},"end":{"line":22,"column":47}},"12":{"start":{"line":23,"column":6},"end":{"line":23,"column":44}},"13":{"start":{"line":29,"column":6},"end":{"line":29,"column":38}},"14":{"start":{"line":31,"column":6},"end":{"line":31,"column":41}},"15":{"start":{"line":33,"column":6},"end":{"line":33,"column":50}},"16":{"start":{"line":36,"column":4},"end":{"line":41,"column":6}},"17":{"start":{"line":48,"column":2},"end":{"line":57,"column":4}},"18":{"start":{"line":50,"column":4},"end":{"line":56,"column":8}},"19":{"start":{"line":52,"column":8},"end":{"line":52,"column":42}},"20":{"start":{"line":53,"column":8},"end":{"line":53,"column":49}},"21":{"start":{"line":54,"column":8},"end":{"line":54,"column":52}},"22":{"start":{"line":55,"column":8},"end":{"line":55,"column":53}},"23":{"start":{"line":60,"column":2},"end":{"line":68,"column":4}},"24":{"start":{"line":61,"column":4},"end":{"line":67,"column":6}},"25":{"start":{"line":64,"column":6},"end":{"line":64,"column":55}},"26":{"start":{"line":65,"column":6},"end":{"line":65,"column":59}},"27":{"start":{"line":66,"column":6},"end":{"line":66,"column":61}},"28":{"start":{"line":70,"column":2},"end":{"line":88,"column":4}},"29":{"start":{"line":73,"column":4},"end":{"line":87,"column":6}},"30":{"start":{"line":90,"column":2},"end":{"line":119,"column":4}},"31":{"start":{"line":92,"column":4},"end":{"line":118,"column":8}},"32":{"start":{"line":99,"column":8},"end":{"line":99,"column":53}},"33":{"start":{"line":101,"column":8},"end":{"line":105,"column":10}},"34":{"start":{"line":110,"column":8},"end":{"line":110,"column":57}},"35":{"start":{"line":111,"column":8},"end":{"line":114,"column":10}},"36":{"start":{"line":117,"column":8},"end":{"line":117,"column":66}},"37":{"start":{"line":121,"column":2},"end":{"line":146,"column":4}},"38":{"start":{"line":123,"column":4},"end":{"line":145,"column":8}},"39":{"start":{"line":133,"column":8},"end":{"line":138,"column":31}},"40":{"start":{"line":144,"column":8},"end":{"line":144,"column":97}},"41":{"start":{"line":148,"column":2},"end":{"line":194,"column":4}},"42":{"start":{"line":151,"column":18},"end":{"line":151,"column":53}},"43":{"start":{"line":153,"column":4},"end":{"line":153,"column":15}},"44":{"start":{"line":156,"column":4},"end":{"line":156,"column":50}},"45":{"start":{"line":160,"column":4},"end":{"line":160,"column":34}},"46":{"start":{"line":163,"column":4},"end":{"line":163,"column":58}},"47":{"start":{"line":166,"column":4},"end":{"line":166,"column":51}},"48":{"start":{"line":170,"column":4},"end":{"line":170,"column":35}},"49":{"start":{"line":171,"column":4},"end":{"line":175,"column":6}},"50":{"start":{"line":172,"column":6},"end":{"line":172,"column":49}},"51":{"start":{"line":173,"column":6},"end":{"line":173,"column":65}},"52":{"start":{"line":174,"column":6},"end":{"line":174,"column":83}},"53":{"start":{"line":178,"column":4},"end":{"line":184,"column":23}},"54":{"start":{"line":188,"column":4},"end":{"line":188,"column":34}},"55":{"start":{"line":190,"column":4},"end":{"line":190,"column":26}},"56":{"start":{"line":193,"column":4},"end":{"line":193,"column":61}}},"fnMap":{"0":{"name":"(anonymous_0)","decl":{"start":{"line":3,"column":28},"end":{"line":3,"column":29}},"loc":{"start":{"line":3,"column":34},"end":{"line":195,"column":1}},"line":3},"1":{"name":"(anonymous_1)","decl":{"start":{"line":4,"column":13},"end":{"line":4,"column":14}},"loc":{"start":{"line":4,"column":19},"end":{"line":6,"column":3}},"line":4},"2":{"name":"(anonymous_2)","decl":{"start":{"line":10,"column":73},"end":{"line":10,"column":74}},"loc":{"start":{"line":10,"column":79},"end":{"line":46,"column":3}},"line":10},"3":{"name":"(anonymous_3)","decl":{"start":{"line":13,"column":23},"end":{"line":13,"column":24}},"loc":{"start":{"line":13,"column":35},"end":{"line":34,"column":5}},"line":13},"4":{"name":"(anonymous_4)","decl":{"start":{"line":48,"column":43},"end":{"line":48,"column":44}},"loc":{"start":{"line":48,"column":49},"end":{"line":57,"column":3}},"line":48},"5":{"name":"(anonymous_5)","decl":{"start":{"line":51,"column":14},"end":{"line":51,"column":15}},"loc":{"start":{"line":51,"column":28},"end":{"line":56,"column":7}},"line":51},"6":{"name":"(anonymous_6)","decl":{"start":{"line":60,"column":56},"end":{"line":60,"column":57}},"loc":{"start":{"line":60,"column":62},"end":{"line":68,"column":3}},"line":60},"7":{"name":"(anonymous_7)","decl":{"start":{"line":62,"column":10},"end":{"line":62,"column":11}},"loc":{"start":{"line":62,"column":24},"end":{"line":67,"column":5}},"line":62},"8":{"name":"(anonymous_8)","decl":{"start":{"line":70,"column":43},"end":{"line":70,"column":44}},"loc":{"start":{"line":70,"column":49},"end":{"line":88,"column":3}},"line":70},"9":{"name":"(anonymous_9)","decl":{"start":{"line":90,"column":57},"end":{"line":90,"column":58}},"loc":{"start":{"line":90,"column":63},"end":{"line":119,"column":3}},"line":90},"10":{"name":"(anonymous_10)","decl":{"start":{"line":98,"column":12},"end":{"line":98,"column":13}},"loc":{"start":{"line":98,"column":22},"end":{"line":106,"column":7}},"line":98},"11":{"name":"(anonymous_11)","decl":{"start":{"line":109,"column":12},"end":{"line":109,"column":13}},"loc":{"start":{"line":109,"column":26},"end":{"line":118,"column":7}},"line":109},"12":{"name":"(anonymous_12)","decl":{"start":{"line":121,"column":64},"end":{"line":121,"column":65}},"loc":{"start":{"line":121,"column":70},"end":{"line":146,"column":3}},"line":121},"13":{"name":"(anonymous_13)","decl":{"start":{"line":126,"column":12},"end":{"line":126,"column":13}},"loc":{"start":{"line":126,"column":24},"end":{"line":139,"column":7}},"line":126},"14":{"name":"(anonymous_14)","decl":{"start":{"line":140,"column":12},"end":{"line":140,"column":13}},"loc":{"start":{"line":140,"column":24},"end":{"line":145,"column":7}},"line":140},"15":{"name":"(anonymous_15)","decl":{"start":{"line":148,"column":58},"end":{"line":148,"column":59}},"loc":{"start":{"line":148,"column":64},"end":{"line":194,"column":3}},"line":148},"16":{"name":"(anonymous_16)","decl":{"start":{"line":171,"column":35},"end":{"line":171,"column":36}},"loc":{"start":{"line":171,"column":44},"end":{"line":175,"column":5}},"line":171}},"branchMap":{},"s":{"0":0,"1":0,"2":0,"3":0,"4":0,"5":0,"6":0,"7":0,"8":0,"9":0,"10":0,"11":0,"12":0,"13":0,"14":0,"15":0,"16":0,"17":0,"18":0,"19":0,"20":0,"21":0,"22":0,"23":0,"24":0,"25":0,"26":0,"27":0,"28":0,"29":0,"30":0,"31":0,"32":0,"33":0,"34":0,"35":0,"36":0,"37":0,"38":0,"39":0,"40":0,"41":0,"42":0,"43":0,"44":0,"45":0,"46":0,"47":0,"48":0,"49":0,"50":0,"51":0,"52":0,"53":0,"54":0,"55":0,"56":0},"f":{"0":0,"1":0,"2":0,"3":0,"4":0,"5":0,"6":0,"7":0,"8":0,"9":0,"10":0,"11":0,"12":0,"13":0,"14":0,"15":0,"16":0},"b":{},"all":true},"c:\\DATA\\Projects\\Mrd Project\\Eshop\\src\\backend\\cypress\\integration\\examples\\querying.spec.js":{"path":"c:\\DATA\\Projects\\Mrd Project\\Eshop\\src\\backend\\cypress\\integration\\examples\\querying.spec.js","statementMap":{"0":{"start":{"line":3,"column":0},"end":{"line":114,"column":2}},"1":{"start":{"line":4,"column":2},"end":{"line":6,"column":4}},"2":{"start":{"line":5,"column":4},"end":{"line":5,"column":60}},"3":{"start":{"line":11,"column":2},"end":{"line":40,"column":4}},"4":{"start":{"line":14,"column":4},"end":{"line":14,"column":52}},"5":{"start":{"line":16,"column":4},"end":{"line":16,"column":52}},"6":{"start":{"line":18,"column":4},"end":{"line":18,"column":70}},"7":{"start":{"line":22,"column":4},"end":{"line":22,"column":75}},"8":{"start":{"line":26,"column":4},"end":{"line":28,"column":38}},"9":{"start":{"line":31,"column":4},"end":{"line":33,"column":32}},"10":{"start":{"line":37,"column":4},"end":{"line":39,"column":44}},"11":{"start":{"line":42,"column":2},"end":{"line":66,"column":4}},"12":{"start":{"line":44,"column":4},"end":{"line":46,"column":36}},"13":{"start":{"line":49,"column":4},"end":{"line":51,"column":36}},"14":{"start":{"line":53,"column":4},"end":{"line":55,"column":36}},"15":{"start":{"line":59,"column":4},"end":{"line":61,"column":41}},"16":{"start":{"line":63,"column":4},"end":{"line":65,"column":34}},"17":{"start":{"line":68,"column":2},"end":{"line":74,"column":4}},"18":{"start":{"line":70,"column":4},"end":{"line":73,"column":6}},"19":{"start":{"line":71,"column":6},"end":{"line":71,"column":71}},"20":{"start":{"line":72,"column":6},"end":{"line":72,"column":73}},"21":{"start":{"line":76,"column":2},"end":{"line":86,"column":4}},"22":{"start":{"line":80,"column":4},"end":{"line":80,"column":37}},"23":{"start":{"line":82,"column":4},"end":{"line":85,"column":6}},"24":{"start":{"line":84,"column":6},"end":{"line":84,"column":48}},"25":{"start":{"line":88,"column":2},"end":{"line":113,"column":4}},"26":{"start":{"line":90,"column":4},"end":{"line":112,"column":6}},"27":{"start":{"line":92,"column":6},"end":{"line":92,"column":30}},"28":{"start":{"line":95,"column":6},"end":{"line":95,"column":38}},"29":{"start":{"line":98,"column":6},"end":{"line":98,"column":41}},"30":{"start":{"line":101,"column":6},"end":{"line":101,"column":29}},"31":{"start":{"line":105,"column":6},"end":{"line":105,"column":42}},"32":{"start":{"line":108,"column":6},"end":{"line":108,"column":35}},"33":{"start":{"line":111,"column":6},"end":{"line":111,"column":40}}},"fnMap":{"0":{"name":"(anonymous_0)","decl":{"start":{"line":3,"column":20},"end":{"line":3,"column":21}},"loc":{"start":{"line":3,"column":26},"end":{"line":114,"column":1}},"line":3},"1":{"name":"(anonymous_1)","decl":{"start":{"line":4,"column":13},"end":{"line":4,"column":14}},"loc":{"start":{"line":4,"column":19},"end":{"line":6,"column":3}},"line":4},"2":{"name":"(anonymous_2)","decl":{"start":{"line":11,"column":38},"end":{"line":11,"column":39}},"loc":{"start":{"line":11,"column":44},"end":{"line":40,"column":3}},"line":11},"3":{"name":"(anonymous_3)","decl":{"start":{"line":42,"column":65},"end":{"line":42,"column":66}},"loc":{"start":{"line":42,"column":71},"end":{"line":66,"column":3}},"line":42},"4":{"name":"(anonymous_4)","decl":{"start":{"line":68,"column":65},"end":{"line":68,"column":66}},"loc":{"start":{"line":68,"column":71},"end":{"line":74,"column":3}},"line":68},"5":{"name":"(anonymous_5)","decl":{"start":{"line":70,"column":33},"end":{"line":70,"column":34}},"loc":{"start":{"line":70,"column":39},"end":{"line":73,"column":5}},"line":70},"6":{"name":"(anonymous_6)","decl":{"start":{"line":76,"column":47},"end":{"line":76,"column":48}},"loc":{"start":{"line":76,"column":53},"end":{"line":86,"column":3}},"line":76},"7":{"name":"(anonymous_7)","decl":{"start":{"line":82,"column":31},"end":{"line":82,"column":32}},"loc":{"start":{"line":82,"column":37},"end":{"line":85,"column":5}},"line":82},"8":{"name":"(anonymous_8)","decl":{"start":{"line":88,"column":44},"end":{"line":88,"column":45}},"loc":{"start":{"line":88,"column":50},"end":{"line":113,"column":3}},"line":88},"9":{"name":"(anonymous_9)","decl":{"start":{"line":90,"column":65},"end":{"line":90,"column":66}},"loc":{"start":{"line":90,"column":71},"end":{"line":112,"column":5}},"line":90}},"branchMap":{},"s":{"0":0,"1":0,"2":0,"3":0,"4":0,"5":0,"6":0,"7":0,"8":0,"9":0,"10":0,"11":0,"12":0,"13":0,"14":0,"15":0,"16":0,"17":0,"18":0,"19":0,"20":0,"21":0,"22":0,"23":0,"24":0,"25":0,"26":0,"27":0,"28":0,"29":0,"30":0,"31":0,"32":0,"33":0},"f":{"0":0,"1":0,"2":0,"3":0,"4":0,"5":0,"6":0,"7":0,"8":0,"9":0},"b":{},"all":true},"c:\\DATA\\Projects\\Mrd Project\\Eshop\\src\\backend\\cypress\\integration\\examples\\spies_stubs_clocks.spec.js":{"path":"c:\\DATA\\Projects\\Mrd Project\\Eshop\\src\\backend\\cypress\\integration\\examples\\spies_stubs_clocks.spec.js","statementMap":{"0":{"start":{"line":3,"column":0},"end":{"line":95,"column":2}},"1":{"start":{"line":4,"column":2},"end":{"line":17,"column":4}},"2":{"start":{"line":6,"column":4},"end":{"line":6,"column":70}},"3":{"start":{"line":8,"column":16},"end":{"line":10,"column":5}},"4":{"start":{"line":12,"column":16},"end":{"line":12,"column":48}},"5":{"start":{"line":14,"column":4},"end":{"line":14,"column":13}},"6":{"start":{"line":16,"column":4},"end":{"line":16,"column":28}},"7":{"start":{"line":19,"column":2},"end":{"line":43,"column":4}},"8":{"start":{"line":20,"column":4},"end":{"line":20,"column":70}},"9":{"start":{"line":22,"column":16},"end":{"line":30,"column":5}},"10":{"start":{"line":28,"column":8},"end":{"line":28,"column":45}},"11":{"start":{"line":32,"column":4},"end":{"line":32,"column":32}},"12":{"start":{"line":34,"column":4},"end":{"line":36,"column":11}},"13":{"start":{"line":35,"column":6},"end":{"line":35,"column":22}},"14":{"start":{"line":38,"column":4},"end":{"line":40,"column":12}},"15":{"start":{"line":39,"column":6},"end":{"line":39,"column":23}},"16":{"start":{"line":42,"column":4},"end":{"line":42,"column":50}},"17":{"start":{"line":45,"column":2},"end":{"line":65,"column":4}},"18":{"start":{"line":47,"column":4},"end":{"line":47,"column":70}},"19":{"start":{"line":49,"column":16},"end":{"line":58,"column":5}},"20":{"start":{"line":56,"column":8},"end":{"line":56,"column":35}},"21":{"start":{"line":60,"column":17},"end":{"line":60,"column":46}},"22":{"start":{"line":62,"column":4},"end":{"line":62,"column":25}},"23":{"start":{"line":64,"column":4},"end":{"line":64,"column":29}},"24":{"start":{"line":67,"column":2},"end":{"line":78,"column":4}},"25":{"start":{"line":72,"column":16},"end":{"line":72,"column":57}},"26":{"start":{"line":74,"column":4},"end":{"line":74,"column":17}},"27":{"start":{"line":75,"column":4},"end":{"line":75,"column":70}},"28":{"start":{"line":76,"column":4},"end":{"line":77,"column":40}},"29":{"start":{"line":80,"column":2},"end":{"line":94,"column":4}},"30":{"start":{"line":85,"column":16},"end":{"line":85,"column":57}},"31":{"start":{"line":87,"column":4},"end":{"line":87,"column":17}},"32":{"start":{"line":88,"column":4},"end":{"line":88,"column":70}},"33":{"start":{"line":89,"column":4},"end":{"line":90,"column":40}},"34":{"start":{"line":91,"column":4},"end":{"line":91,"column":18}},"35":{"start":{"line":92,"column":4},"end":{"line":93,"column":40}}},"fnMap":{"0":{"name":"(anonymous_0)","decl":{"start":{"line":3,"column":35},"end":{"line":3,"column":36}},"loc":{"start":{"line":3,"column":41},"end":{"line":95,"column":1}},"line":3},"1":{"name":"(anonymous_1)","decl":{"start":{"line":4,"column":42},"end":{"line":4,"column":43}},"loc":{"start":{"line":4,"column":48},"end":{"line":17,"column":3}},"line":4},"2":{"name":"(anonymous_2)","decl":{"start":{"line":9,"column":6},"end":{"line":9,"column":7}},"loc":{"start":{"line":9,"column":13},"end":{"line":9,"column":15}},"line":9},"3":{"name":"(anonymous_3)","decl":{"start":{"line":19,"column":47},"end":{"line":19,"column":48}},"loc":{"start":{"line":19,"column":53},"end":{"line":43,"column":3}},"line":19},"4":{"name":"(anonymous_4)","decl":{"start":{"line":27,"column":6},"
[...]
"line":87,"column":84}},"line":86},"16":{"name":"(anonymous_16)","decl":{"start":{"line":87,"column":18},"end":{"line":87,"column":19}},"loc":{"start":{"line":87,"column":41},"end":{"line":87,"column":83}},"line":87},"17":{"name":"(anonymous_17)","decl":{"start":{"line":92,"column":4},"end":{"line":92,"column":5}},"loc":{"start":{"line":92,"column":39},"end":{"line":99,"column":5}},"line":92},"18":{"name":"(anonymous_18)","decl":{"start":{"line":93,"column":26},"end":{"line":93,"column":27}},"loc":{"start":{"line":93,"column":40},"end":{"line":96,"column":20}},"line":93},"19":{"name":"(anonymous_19)","decl":{"start":{"line":101,"column":4},"end":{"line":101,"column":5}},"loc":{"start":{"line":101,"column":54},"end":{"line":120,"column":5}},"line":101},"20":{"name":"(anonymous_20)","decl":{"start":{"line":105,"column":26},"end":{"line":105,"column":27}},"loc":{"start":{"line":105,"column":40},"end":{"line":108,"column":20}},"line":105},"21":{"name":"(anonymous_21)","decl":{"start":{"line":112,"column":39},"end":{"line":112,"column":40}},"loc":{"start":{"line":112,"column":50},"end":{"line":117,"column":9}},"line":112},"22":{"name":"(anonymous_22)","decl":{"start":{"line":122,"column":4},"end":{"line":122,"column":5}},"loc":{"start":{"line":122,"column":98},"end":{"line":142,"column":5}},"line":122},"23":{"name":"(anonymous_23)","decl":{"start":{"line":126,"column":26},"end":{"line":126,"column":27}},"loc":{"start":{"line":126,"column":32},"end":{"line":126,"column":68}},"line":126},"24":{"name":"(anonymous_24)","decl":{"start":{"line":127,"column":33},"end":{"line":127,"column":34}},"loc":{"start":{"line":127,"column":54},"end":{"line":129,"column":21}},"line":127},"25":{"name":"(anonymous_25)","decl":{"start":{"line":127,"column":71},"end":{"line":127,"column":72}},"loc":{"start":{"line":127,"column":77},"end":{"line":127,"column":90}},"line":127},"26":{"name":"(anonymous_26)","decl":{"start":{"line":128,"column":16},"end":{"line":128,"column":17}},"loc":{"start":{"line":128,"column":30},"end":{"line":128,"column":111}},"line":128},"27":{"name":"(anonymous_27)","decl":{"start":{"line":128,"column":48},"end":{"line":128,"column":49}},"loc":{"start":{"line":128,"column":60},"end":{"line":128,"column":110}},"line":128},"28":{"name":"(anonymous_28)","decl":{"start":{"line":132,"column":20},"end":{"line":132,"column":21}},"loc":{"start":{"line":132,"column":26},"end":{"line":132,"column":47}},"line":132},"29":{"name":"(anonymous_29)","decl":{"start":{"line":133,"column":20},"end":{"line":133,"column":21}},"loc":{"start":{"line":133,"column":26},"end":{"line":133,"column":97}},"line":133},"30":{"name":"(anonymous_30)","decl":{"start":{"line":134,"column":18},"end":{"line":134,"column":19}},"loc":{"start":{"line":134,"column":36},"end":{"line":134,"column":75}},"line":134},"31":{"name":"(anonymous_31)","decl":{"start":{"line":135,"column":17},"end":{"line":135,"column":18}},"loc":{"start":{"line":135,"column":23},"end":{"line":135,"column":36}},"line":135},"32":{"name":"(anonymous_32)","decl":{"start":{"line":144,"column":4},"end":{"line":144,"column":5}},"loc":{"start":{"line":144,"column":46},"end":{"line":158,"column":5}},"line":144},"33":{"name":"(anonymous_33)","decl":{"start":{"line":150,"column":25},"end":{"line":150,"column":26}},"loc":{"start":{"line":150,"column":31},"end":{"line":150,"column":59}},"line":150},"34":{"name":"(anonymous_34)","decl":{"start":{"line":152,"column":40},"end":{"line":152,"column":41}},"loc":{"start":{"line":152,"column":51},"end":{"line":157,"column":9}},"line":152},"35":{"name":"(anonymous_35)","decl":{"start":{"line":156,"column":43},"end":{"line":156,"column":44}},"loc":{"start":{"line":156,"column":49},"end":{"line":156,"column":76}},"line":156},"36":{"name":"(anonymous_36)","decl":{"start":{"line":160,"column":4},"end":{"line":160,"column":5}},"loc":{"start":{"line":160,"column":69},"end":{"line":174,"column":5}},"line":160},"37":{"name":"(anonymous_37)","decl":{"start":{"line":164,"column":46},"end":{"line":164,"column":47}},"loc":{"start":{"line":164,"column":52},"end":{"line":164,"column":79}},"line":164},"38":{"name":"(anonymous_38)","decl":{"start":{"line":172,"column":35},"end":{"line":172,"column":36}},"loc":{"start":{"line":173,"column":12},"end":{"line":173,"column":71}},"line":173},"39":{"name":"(anonymous_39)","decl":{"start":{"line":173,"column":36},"end":{"line":173,"column":37}},"loc":{"start":{"line":173,"column":42},"end":{"line":173,"column":70}},"line":173},"40":{"name":"(anonymous_40)","decl":{"start":{"line":176,"column":4},"end":{"line":176,"column":5}},"loc":{"start":{"line":176,"column":47},"end":{"line":182,"column":5}},"line":176},"41":{"name":"(anonymous_41)","decl":{"start":{"line":180,"column":55},"end":{"line":180,"column":56}},"loc":{"start":{"line":180,"column":61},"end":{"line":180,"column":88}},"line":180},"42":{"name":"(anonymous_42)","decl":{"start":{"line":181,"column":35},"end":{"line":181,"column":36}},"loc":{"start":{"line":181,"column":41},"end":{"line":181,"column":45}},"line":181},"43":{"name":"(anonymous_43)","decl":{"start":{"line":184,"column":4},"end":{"line":184,"column":5}},"loc":{"start":{"line":184,"column":78},"end":{"line":199,"column":5}},"line":184},"44":{"name":"(anonymous_44)","decl":{"start":{"line":190,"column":56},"end":{"line":190,"column":57}},"loc":{"start":{"line":190,"column":62},"end":{"line":190,"column":89}},"line":190},"45":{"name":"(anonymous_45)","decl":{"start":{"line":198,"column":35},"end":{"line":198,"column":36}},"loc":{"start":{"line":198,"column":41},"end":{"line":198,"column":56}},"line":198},"46":{"name":"(anonymous_46)","decl":{"start":{"line":201,"column":4},"end":{"line":201,"column":5}},"loc":{"start":{"line":201,"column":64},"end":{"line":216,"column":5}},"line":201},"47":{"name":"(anonymous_47)","decl":{"start":{"line":209,"column":26},"end":{"line":209,"column":27}},"loc":{"start":{"line":209,"column":54},"end":{"line":213,"column":20}},"line":209},"48":{"name":"(anonymous_48)","decl":{"start":{"line":218,"column":4},"end":{"line":218,"column":5}},"loc":{"start":{"line":218,"column":54},"end":{"line":229,"column":5}},"line":218},"49":{"name":"(anonymous_49)","decl":{"start":{"line":222,"column":33},"end":{"line":222,"column":34}},"loc":{"start":{"line":222,"column":58},"end":{"line":226,"column":20}},"line":222},"50":{"name":"(anonymous_50)","decl":{"start":{"line":231,"column":4},"end":{"line":231,"column":5}},"loc":{"start":{"line":231,"column":42},"end":{"line":252,"column":5}},"line":231},"51":{"name":"(anonymous_51)","decl":{"start":{"line":237,"column":25},"end":{"line":237,"column":26}},"loc":{"start":{"line":237,"column":31},"end":{"line":237,"column":59}},"line":237},"52":{"name":"(anonymous_52)","decl":{"start":{"line":242,"column":16},"end":{"line":242,"column":17}},"loc":{"start":{"line":242,"column":38},"end":{"line":251,"column":9}},"line":242}},"branchMap":{"0":{"loc":{"start":{"line":18,"column":29},"end":{"line":18,"column":47}},"type":"default-arg","locations":[{"start":{"line":18,"column":42},"end":{"line":18,"column":47}}],"line":18},"1":{"loc":{"start":{"line":19,"column":8},"end":{"line":20,"column":63}},"type":"if","locations":[{"start":{"line":19,"column":8},"end":{"line":20,"column":63}},{"start":{"line":19,"column":8},"end":{"line":20,"column":63}}],"line":19},"2":{"loc":{"start":{"line":25,"column":8},"end":{"line":26,"column":24}},"type":"if","locations":[{"start":{"line":25,"column":8},"end":{"line":26,"column":24}},{"start":{"line":25,"column":8},"end":{"line":26,"column":24}}],"line":25},"3":{"loc":{"start":{"line":25,"column":12},"end":{"line":25,"column":39}},"type":"binary-expr","locations":[{"start":{"line":25,"column":12},"end":{"line":25,"column":20}},{"start":{"line":25,"column":24},"end":{"line":25,"column":39}}],"line":25},"4":{"loc":{"start":{"line":28,"column":8},"end":{"line":29,"column":24}},"type":"if","locations":[{"start":{"line":28,"column":8},"end":{"line":29,"column":24}},{"start":{"line":28,"column":8},"end":{"line":29,"column":24}}],"line":28},"5":{"loc":{"start":{"line":28,"column":12},"end":{"line":28,"column":40}},"type":"binary-expr","locations":[{"start":{"line":28,"column":12},"end":{"line":28,"column":23}},{"start":{"line":28,"column":27},"end":{"line":28,"column":40}}],"line":28},"6":{"loc":{"start":{"line":35,"column":8},"end":{"line":36,"column":68}},"type":"if","locations":[{"start":{"line":35,"column":8},"end":{"line":36,"column":68}},{"start":{"line":35,"column":8},"end":{"line":36,"column":68}}],"line":35},"7":{"loc":{"start":{"line":43,"column":8},"end":{"line":44,"column":68}},"type":"if","locations":[{"start":{"line":43,"column":8},"end":{"line":44,"column":68}},{"start":{"line":43,"column":8},"end":{"line":44,"column":68}}],"line":43},"8":{"loc":{"start":{"line":47,"column":8},"end":{"line":48,"column":52}},"type":"if","locations":[{"start":{"line":47,"column":8},"end":{"line":48,"column":52}},{"start":{"line":47,"column":8},"end":{"line":48,"column":52}}],"line":47},"9":{"loc":{"start":{"line":47,"column":12},"end":{"line":47,"column":44}},"type":"binary-expr","locations":[{"start":{"line":47,"column":12},"end":{"line":47,"column":26}},{"start":{"line":47,"column":30},"end":{"line":47,"column":44}}],"line":47},"10":{"loc":{"start":{"line":55,"column":8},"end":{"line":56,"column":68}},"type":"if","locations":[{"start":{"line":55,"column":8},"end":{"line":56,"column":68}},{"start":{"line":55,"column":8},"end":{"line":56,"column":68}}],"line":55},"11":{"loc":{"start":{"line":66,"column":20},"end":{"line":66,"column":38}},"type":"default-arg","locations":[{"start":{"line":66,"column":33},"end":{"line":66,"column":38}}],"line":66},"12":{"loc":{"start":{"line":75,"column":37},"end":{"line":75,"column":55}},"type":"default-arg","locations":[{"start":{"line":75,"column":50},"end":{"line":75,"column":55}}],"line":75},"13":{"loc":{"start":{"line":92,"column":19},"end":{"line":92,"column":37}},"type":"default-arg","locations":[{"start":{"line":92,"column":32},"end":{"line":92,"column":37}}],"line":92},"14":{"loc":{"start":{"line":101,"column":34},"end":{"line":101,"column":52}},"type":"default-arg","locations":[{"start":{"line":101,"column":47},"end":{"line":101,"column":52}}],"line":101},"15":{"loc":{"start":{"line":102,"column":8},"end":{"line":103,"column":65}},"type":"if","locations":[{"start":{"line":102,"column":8},"end":{"line":103,"column":65}},{"start":{"line":102,"column":8},"end":{"line":103,"column":65}}],"line":102},"16":{"loc":{"start":{"line":122,"column":36},"end":{"line":122,"column":46}},"type":"default-arg","locations":[{"start":{"line":122,"column":43},"end":{"line":122,"column":46}}],"line":122},"17":{"loc":{"start":{"line":122,"column":48},"end":{"line":122,"column":66}},"type":"default-arg","locations":[{"start":{"line":122,"column":61},"end":{"line":122,"column":66}}],"line":122},"18":{"loc":{"start":{"line":122,"column":68},"end":{"line":122,"column":96}},"type":"default-arg","locations":[{"start":{"line":122,"column":91},"end":{"line":122,"column":96}}],"line":122},"19":{"loc":{"start":{"line":123,"column":8},"end":{"line":124,"column":68}},"type":"if","locations":[{"start":{"line":123,"column":8},"end":{"line":124,"column":68}},{"start":{"line":123,"column":8},"end":{"line":124,"column":68}}],"line":123},"20":{"loc":{"start":{"line":128,"column":60},"end":{"line":128,"column":110}},"type":"binary-expr","locations":[{"start":{"line":128,"column":60},"end":{"line":128,"column":77}},{"start":{"line":128,"column":82},"end":{"line":128,"column":92}},{"start":{"line":128,"column":96},"end":{"line":128,"column":109}}],"line":128},"21":{"loc":{"start":{"line":132,"column":26},"end":{"line":132,"column":47}},"type":"binary-expr","locations":[{"start":{"line":132,"column":26},"end":{"line":132,"column":36}},{"start":{"line":132,"column":40},"end":{"line":132,"column":47}}],"line":132},"22":{"loc":{"start":{"line":133,"column":26},"end":{"line":133,"column":97}},"type":"cond-expr","locations":[{"start":{"line":133,"column":44},"end":{"line":133,"column":54}},{"start":{"line":133,"column":57},"end":{"line":133,"column":97}}],"line":133},"23":{"loc":{"start":{"line":133,"column":57},"end":{"line":133,"column":97}},"type":"cond-expr","locations":[{"start":{"line":133,"column":79},"end":{"line":133,"column":90}},{"start":{"line":133,"column":93},"end":{"line":133,"column":97}}],"line":133},"24":{"loc":{"start":{"line":137,"column":8},"end":{"line":137,"column":64}},"type":"if","locations":[{"start":{"line":137,"column":8},"end":{"line":137,"column":64}},{"start":{"line":137,"column":8},"end":{"line":137,"column":64}}],"line":137},"25":{"loc":{"start":{"line":145,"column":8},"end":{"line":146,"column":59}},"type":"if","locations":[{"start":{"line":145,"column":8},"end":{"line":146,"column":59}},{"start":{"line":145,"column":8},"end":{"line":146,"column":59}}],"line":145},"26":{"loc":{"start":{"line":147,"column":8},"end":{"line":148,"column":60}},"type":"if","locations":[{"start":{"line":147,"column":8},"end":{"line":148,"column":60}},{"start":{"line":147,"column":8},"end":{"line":148,"column":60}}],"line":147},"27":{"loc":{"start":{"line":153,"column":12},"end":{"line":154,"column":28}},"type":"if","locations":[{"start":{"line":153,"column":12},"end":{"line":154,"column":28}},{"start":{"line":153,"column":12},"end":{"line":154,"column":28}}],"line":153},"28":{"loc":{"start":{"line":161,"column":8},"end":{"line":162,"column":68}},"type":"if","locations":[{"start":{"line":161,"column":8},"end":{"line":162,"column":68}},{"start":{"line":161,"column":8},"end":{"line":162,"column":68}}],"line":161},"29":{"loc":{"start":{"line":165,"column":8},"end":{"line":165,"column":49}},"type":"if","locations":[{"start":{"line":165,"column":8},"end":{"line":165,"column":49}},{"start":{"line":165,"column":8},"end":{"line":165,"column":49}}],"line":165},"30":{"loc":{"start":{"line":168,"column":8},"end":{"line":169,"column":65}},"type":"if","locations":[{"start":{"line":168,"column":8},"end":{"line":169,"column":65}},{"start":{"line":168,"column":8},"end":{"line":169,"column":65}}],"line":168},"31":{"loc":{"start":{"line":168,"column":12},"end":{"line":168,"column":48}},"type":"binary-expr","locations":[{"start":{"line":168,"column":12},"end":{"line":168,"column":28}},{"start":{"line":168,"column":32},"end":{"line":168,"column":48}}],"line":168},"32":{"loc":{"start":{"line":177,"column":8},"end":{"line":178,"column":68}},"type":"if","locations":[{"start":{"line":177,"column":8},"end":{"line":178,"column":68}},{"start":{"line":177,"column":8},"end":{"line":178,"column":68}}],"line":177},"33":{"loc":{"start":{"line":185,"column":8},"end":{"line":186,"column":68}},"type":"if","locations":[{"start":{"line":185,"column":8},"end":{"line":186,"column":68}},{"start":{"line":185,"column":8},"end":{"line":186,"column":68}}],"line":185},"34":{"loc":{"start":{"line":187,"column":8},"end":{"line":188,"column":72}},"type":"if","locations":[{"start":{"line":187,"column":8},"end":{"line":188,"column":72}},{"start":{"line":187,"column":8},"end":{"line":188,"column":72}}],"line":187},"35":{"loc":{"start":{"line":191,"column":8},"end":{"line":192,"column":41}},"type":"if","locations":[{"start":{"line":191,"column":8},"end":{"line":192,"column":41}},{"start":{"line":191,"column":8},"end":{"line":192,"column":41}}],"line":191},"36":{"loc":{"start":{"line":201,"column":44},"end":{"line":201,"column":62}},"type":"default-arg","locations":[{"start":{"line":201,"column":57},"end":{"line":201,"column":62}}],"line":201},"37":{"loc":{"start":{"line":202,"column":8},"end":{"line":203,"column":72}},"type":"if","locations":[{"start":{"line":202,"column":8},"end":{"line":203,"column":72}},{"start":{"line":202,"column":8},"end":{"line":203,"column":72}}],"line":202},"38":{"loc":{"start":{"line":206,"column":8},"end":{"line":207,"column":71}},"type":"if","locations":[{"start":{"line":206,"column":8},"end":{"line":207,"column":71}},{"start":{"line":206,"column":8},"end":{"line":207,"column":71}}],"line":206},"39":{"loc":{"start":{"line":206,"column":12},"end":{"line":206,"column":48}},"type":"binary-expr","locations":[{"start":{"line":206,"column":12},"end":{"line":206,"column":28}},{"start":{"line":206,"column":32},"end":{"line":206,"column":48}}],"line":206},"40":{"loc":{"start":{"line":218,"column":34},"end":{"line":218,"column":52}},"type":"default-arg","locations":[{"start":{"line":218,"column":47},"end":{"line":218,"column":52}}],"line":218},"41":{"loc":{"start":{"line":219,"column":8},"end":{"line":220,"column":57}},"type":"if","locations":[{"start":{"line":219,"column":8},"end":{"line":220,"column":57}},{"start":{"line":219,"column":8},"end":{"line":220,"column":57}}],"line":219},"42":{"loc":{"start":{"line":232,"column":8},"end":{"line":233,"column":59}},"type":"if","locations":[{"start":{"line":232,"column":8},"end":{"line":233,"column":59}},{"start":{"line":232,"column":8},"end":{"line":233,"column":59}}],"line":232},"43":{"loc":{"start":{"line":234,"column":8},"end":{"line":235,"column":57}},"type":"if","locations":[{"start":{"line":234,"column":8},"end":{"line":235,"column":57}},{"start":{"line":234,"column":8},"end":{"line":235,"column":57}}],"line":234},"44":{"loc":{"start":{"line":243,"column":12},"end":{"line":244,"column":56}},"type":"if","locations":[{"start":{"line":243,"column":12},"end":{"line":244,"column":56}},{"start":{"line":243,"column":12},"end":{"line":244,"column":56}}],"line":243},"45":{"loc":{"start":{"line":245,"column":12},"end":{"line":246,"column":54}},"type":"if","locations":[{"start":{"line":245,"column":12},"end":{"line":246,"column":54}},{"start":{"line":245,"column":12},"end":{"line":246,"column":54}}],"line":245},"46":{"loc":{"start":{"line":247,"column":12},"end":{"line":248,"column":52}},"type":"if","locations":[{"start":{"line":247,"column":12},"end":{"line":248,"column":52}},{"start":{"line":247,"column":12},"end":{"line":248,"column":52}}],"line":247}},"s":{"0":0,"1":0,"2":0,"3":0,"4":0,"5":0,"6":0,"7":0,"8":0,"9":0,"10":0,"11":0,"12":0,"13":0,"14":0,"15":0,"16":0,"17":0,"18":0,"19":0,"20":0,"21":0,"22":0,"23":0,"24":0,"25":0,"26":0,"27":0,"28":0,"29":0,"30":0,"31":0,"32":0,"33":0,"34":0,"35":0,"36":0,"37":0,"38":0,"39":0,"40":0,"41":0,"42":0,"43":0,"44":0,"45":0,"46":0,"47":0,"48":0,"49":0,"50":0,"51":0,"52":0,"53":0,"54":0,"55":0,"56":0,"57":0,"58":0,"59":0,"60":0,"61":0,"62":0,"63":0,"64":0,"65":0,"66":0,"67":0,"68":0,"69":0,"70":0,"71":0,"72":0,"73":0,"74":0,"75":0,"76":0,"77":0,"78":0,"79":0,"80":0,"81":0,"82":0,"83":0,"84":0,"85":0,"86":0,"87":0,"88":0,"89":0,"90":0,"91":0,"92":0,"93":0,"94":0,"95":0,"96":0,"97":0,"98":0,"99":0,"100":0,"101":0,"102":0,"103":0,"104":0,"105":0,"106":0,"107":0,"108":0,"109":0,"110":0,"111":0,"112":0,"113":0,"114":0,"115":0,"116":0,"117":0,"118":0,"119":0,"120":0,"121":0,"122":0,"123":0,"124":0,"125":0,"126":0,"127":0,"128":0,"129":0,"130":0,"131":0,"132":0,"133":0,"134":0,"135":0,"136":0,"137":0,"138":0,"139":0,"140":0,"141":0,"142":0,"143":0,"144":0,"145":0,"146":0,"147":0,"148":0,"149":0,"150":0,"151":0,"152":0,"153":0,"154":0,"155":0},"f":{"0":0,"1":0,"2":0,"3":0,"4":0,"5":0,"6":0,"7":0,"8":0,"9":0,"10":0,"11":0,"12":0,"13":0,"14":0,"15":0,"16":0,"17":0,"18":0,"19":0,"20":0,"21":0,"22":0,"23":0,"24":0,"25":0,"26":0,"27":0,"28":0,"29":0,"30":0,"31":0,"32":0,"33":0,"34":0,"35":0,"36":0,"37":0,"38":0,"39":0,"40":0,"41":0,"42":0,"43":0,"44":0,"45":0,"46":0,"47":0,"48":0,"49":0,"50":0,"51":0,"52":0},"b":{"0":[0],"1":[0,0],"2":[0,0],"3":[0,0],"4":[0,0],"5":[0,0],"6":[0,0],"7":[0,0],"8":[0,0],"9":[0,0],"10":[0,0],"11":[0],"12":[0],"13":[0],"14":[0],"15":[0,0],"16":[0],"17":[0],"18":[0],"19":[0,0],"20":[0,0,0],"21":[0,0],"22":[0,0],"23":[0,0],"24":[0,0],"25":[0,0],"26":[0,0],"27":[0,0],"28":[0,0],"29":[0,0],"30":[0,0],"31":[0,0],"32":[0,0],"33":[0,0],"34":[0,0],"35":[0,0],"36":[0],"37":[0,0],"38":[0,0],"39":[0,0],"40":[0],"41":[0,0],"42":[0,0],"43":[0,0],"44":[0,0],"45":[0,0],"46":[0,0]},"all":true}}